[ 2012-08-17T00:00:09+08:00 ] /admin/ | INFO: Tag[ route_check ] --START--
[ 2012-08-17T00:00:09+08:00 ] /admin/ | INFO: Run CheckRoute Behavior [ RunTime:0.003900s ]
[ 2012-08-17T00:00:09+08:00 ] /admin/ | INFO: Tag[ route_check ] --END-- [ RunTime:0.004112s ]
[ 2012-08-17T00:00:09+08:00 ] /admin/ | INFO: Tag[ app_begin ] --START--
[ 2012-08-17T00:00:09+08:00 ] /admin/ | INFO: Run ReadHtmlCache Behavior [ RunTime:0.002276s ]
[ 2012-08-17T00:00:09+08:00 ] /admin/ | INFO: Tag[ app_begin ] --END-- [ RunTime:0.002401s ]
[ 2012-08-17T00:00:09+08:00 ] /admin/ | SQL: SHOW COLUMNS FROM `my_catalog` [ RunTime:0.004615s ]
[ 2012-08-17T00:00:09+08:00 ] /admin/ | SQL: SELECT * FROM `my_catalog` WHERE pid='1' ORDER BY sequence  [ RunTime:0.000424s ]
[ 2012-08-17T00:00:09+08:00 ] /admin/ | INFO: Tag[ view_template ] --START--
[ 2012-08-17T00:00:09+08:00 ] /admin/ | INFO: Run LocationTemplate Behavior [ RunTime:0.002135s ]
[ 2012-08-17T00:00:09+08:00 ] /admin/ | INFO: Tag[ view_template ] --END-- [ RunTime:0.002219s ]
[ 2012-08-17T00:00:09+08:00 ] /admin/ | INFO: Tag[ view_parse ] --START--
[ 2012-08-17T00:00:09+08:00 ] /admin/ | NOTIC: [8] Undefined variable: arr_user 848f4ea4b484aba8c291b28d2c23095d.php 第 24 行.
[ 2012-08-17T00:00:09+08:00 ] /admin/ | INFO: Run ParseTemplate Behavior [ RunTime:0.033236s ]
[ 2012-08-17T00:00:09+08:00 ] /admin/ | INFO: Tag[ view_parse ] --END-- [ RunTime:0.033324s ]
[ 2012-08-17T00:00:09+08:00 ] /admin/ | INFO: Tag[ view_filter ] --START--
[ 2012-08-17T00:00:09+08:00 ] /admin/ | INFO: Run ContentReplace Behavior [ RunTime:0.001560s ]
[ 2012-08-17T00:00:09+08:00 ] /admin/ | INFO: Run TokenBuild Behavior [ RunTime:0.001416s ]
[ 2012-08-17T00:00:09+08:00 ] /admin/ | INFO: Run WriteHtmlCache Behavior [ RunTime:0.000935s ]
[ 2012-08-17T00:00:09+08:00 ] /admin/ | INFO: Run ShowRuntime Behavior [ RunTime:0.001199s ]
[ 2012-08-17T00:00:09+08:00 ] /admin/ | INFO: Tag[ view_filter ] --END-- [ RunTime:0.005339s ]
[ 2012-08-17T00:00:09+08:00 ] /admin/ | INFO: Tag[ view_end ] --START--
[ 2012-08-17T00:00:09+08:00 ] /admin/ | INFO: Run ShowPageTrace Behavior [ RunTime:0.001532s ]
[ 2012-08-17T00:00:09+08:00 ] /admin/ | INFO: Tag[ view_end ] --END-- [ RunTime:0.001619s ]
[ 2012-08-17T00:00:11+08:00 ] /favicon.ico | INFO: Tag[ route_check ] --START--
[ 2012-08-17T00:00:11+08:00 ] /favicon.ico | INFO: Run CheckRoute Behavior [ RunTime:0.002517s ]
[ 2012-08-17T00:00:11+08:00 ] /favicon.ico | INFO: Tag[ route_check ] --END-- [ RunTime:0.002727s ]
[ 2012-08-17T00:00:11+08:00 ] /favicon.ico | INFO: Tag[ app_begin ] --START--
[ 2012-08-17T00:00:11+08:00 ] /favicon.ico | INFO: Run ReadHtmlCache Behavior [ RunTime:0.001789s ]
[ 2012-08-17T00:00:11+08:00 ] /favicon.ico | INFO: Tag[ app_begin ] --END-- [ RunTime:0.001911s ]
[ 2012-08-17T00:02:51+08:00 ] /favicon.ico | INFO: Tag[ route_check ] --START--
[ 2012-08-17T00:02:51+08:00 ] /favicon.ico | INFO: Run CheckRoute Behavior [ RunTime:0.002952s ]
[ 2012-08-17T00:02:51+08:00 ] /favicon.ico | INFO: Tag[ route_check ] --END-- [ RunTime:0.003080s ]
[ 2012-08-17T00:02:51+08:00 ] /favicon.ico | INFO: Tag[ app_begin ] --START--
[ 2012-08-17T00:02:51+08:00 ] /favicon.ico | INFO: Run ReadHtmlCache Behavior [ RunTime:0.002661s ]
[ 2012-08-17T00:02:51+08:00 ] /favicon.ico | INFO: Tag[ app_begin ] --END-- [ RunTime:0.002739s ]
[ 2012-08-17T00:02:55+08:00 ] /favicon.ico | INFO: Tag[ route_check ] --START--
[ 2012-08-17T00:02:55+08:00 ] /favicon.ico | INFO: Run CheckRoute Behavior [ RunTime:0.003064s ]
[ 2012-08-17T00:02:55+08:00 ] /favicon.ico | INFO: Tag[ route_check ] --END-- [ RunTime:0.003193s ]
[ 2012-08-17T00:02:55+08:00 ] /favicon.ico | INFO: Tag[ app_begin ] --START--
[ 2012-08-17T00:02:55+08:00 ] /favicon.ico | INFO: Run ReadHtmlCache Behavior [ RunTime:0.002649s ]
[ 2012-08-17T00:02:55+08:00 ] /favicon.ico | INFO: Tag[ app_begin ] --END-- [ RunTime:0.002725s ]
[ 2012-08-17T00:03:08+08:00 ] /favicon.ico | INFO: Tag[ route_check ] --START--
[ 2012-08-17T00:03:08+08:00 ] /favicon.ico | INFO: Run CheckRoute Behavior [ RunTime:0.008844s ]
[ 2012-08-17T00:03:08+08:00 ] /favicon.ico | INFO: Tag[ route_check ] --END-- [ RunTime:0.008980s ]
[ 2012-08-17T00:03:08+08:00 ] /favicon.ico | INFO: Tag[ app_begin ] --START--
[ 2012-08-17T00:03:08+08:00 ] /favicon.ico | INFO: Run ReadHtmlCache Behavior [ RunTime:0.001319s ]
[ 2012-08-17T00:03:08+08:00 ] /favicon.ico | INFO: Tag[ app_begin ] --END-- [ RunTime:0.001407s ]
[ 2012-08-17T22:18:01+08:00 ] / | INFO: Tag[ app_begin ] --START--
[ 2012-08-17T22:18:01+08:00 ] / | INFO: Run ReadHtmlCache Behavior [ RunTime:0.002803s ]
[ 2012-08-17T22:18:01+08:00 ] / | INFO: Tag[ app_begin ] --END-- [ RunTime:0.022083s ]
[ 2012-08-17T22:18:01+08:00 ] / | SQL: SHOW COLUMNS FROM `my_catalog` [ RunTime:0.089573s ]
[ 2012-08-17T22:18:01+08:00 ] / | SQL: SELECT * FROM `my_catalog` WHERE pid='1' ORDER BY sequence  [ RunTime:0.022775s ]
[ 2012-08-17T22:18:01+08:00 ] / | SQL: SHOW COLUMNS FROM `my_article` [ RunTime:0.065971s ]
[ 2012-08-17T22:18:01+08:00 ] / | NOTIC: [8] Undefined index: id HomeAction.class.php 第 14 行.
[ 2012-08-17T22:18:01+08:00 ] / | NOTIC: [8] Undefined variable: data HomeAction.class.php 第 17 行.
[ 2012-08-17T22:18:01+08:00 ] / | SQL: SELECT * FROM `my_article` ORDER BY create_time desc LIMIT 3   [ RunTime:0.000805s ]
[ 2012-08-17T22:18:01+08:00 ] / | INFO: Tag[ view_template ] --START--
[ 2012-08-17T22:18:01+08:00 ] / | INFO: Run LocationTemplate Behavior [ RunTime:0.039363s ]
[ 2012-08-17T22:18:01+08:00 ] / | INFO: Tag[ view_template ] --END-- [ RunTime:0.039512s ]
[ 2012-08-17T22:18:01+08:00 ] / | INFO: Tag[ view_parse ] --START--
[ 2012-08-17T22:18:01+08:00 ] / | INFO: Run ParseTemplate Behavior [ RunTime:0.116122s ]
[ 2012-08-17T22:18:01+08:00 ] / | INFO: Tag[ view_parse ] --END-- [ RunTime:0.116271s ]
[ 2012-08-17T22:18:01+08:00 ] / | INFO: Tag[ view_filter ] --START--
[ 2012-08-17T22:18:01+08:00 ] / | INFO: Run ContentReplace Behavior [ RunTime:0.002699s ]
[ 2012-08-17T22:18:01+08:00 ] / | INFO: Run TokenBuild Behavior [ RunTime:0.004117s ]
[ 2012-08-17T22:18:01+08:00 ] / | INFO: Run WriteHtmlCache Behavior [ RunTime:0.002032s ]
[ 2012-08-17T22:18:01+08:00 ] / | INFO: Run ShowRuntime Behavior [ RunTime:0.002652s ]
[ 2012-08-17T22:18:01+08:00 ] / | INFO: Tag[ view_filter ] --END-- [ RunTime:0.011922s ]
[ 2012-08-17T22:18:01+08:00 ] / | INFO: Tag[ view_end ] --START--
[ 2012-08-17T22:18:01+08:00 ] / | INFO: Run ShowPageTrace Behavior [ RunTime:0.002789s ]
[ 2012-08-17T22:18:01+08:00 ] / | INFO: Tag[ view_end ] --END-- [ RunTime:0.002953s ]
[ 2012-08-17T22:18:03+08:00 ] /favicon.ico | INFO: Tag[ route_check ] --START--
[ 2012-08-17T22:18:03+08:00 ] /favicon.ico | INFO: Run CheckRoute Behavior [ RunTime:0.030419s ]
[ 2012-08-17T22:18:03+08:00 ] /favicon.ico | INFO: Tag[ route_check ] --END-- [ RunTime:0.030561s ]
[ 2012-08-17T22:18:03+08:00 ] /favicon.ico | INFO: Tag[ app_begin ] --START--
[ 2012-08-17T22:18:03+08:00 ] /favicon.ico | INFO: Run ReadHtmlCache Behavior [ RunTime:0.001460s ]
[ 2012-08-17T22:18:03+08:00 ] /favicon.ico | INFO: Tag[ app_begin ] --END-- [ RunTime:0.001556s ]
[ 2012-08-17T22:18:15+08:00 ] /favicon.ico | INFO: Tag[ route_check ] --START--
[ 2012-08-17T22:18:15+08:00 ] /favicon.ico | INFO: Run CheckRoute Behavior [ RunTime:0.003496s ]
[ 2012-08-17T22:18:15+08:00 ] /favicon.ico | INFO: Tag[ route_check ] --END-- [ RunTime:0.003620s ]
[ 2012-08-17T22:18:15+08:00 ] /favicon.ico | INFO: Tag[ app_begin ] --START--
[ 2012-08-17T22:18:15+08:00 ] /favicon.ico | INFO: Run ReadHtmlCache Behavior [ RunTime:0.003166s ]
[ 2012-08-17T22:18:15+08:00 ] /favicon.ico | INFO: Tag[ app_begin ] --END-- [ RunTime:0.003238s ]
[ 2012-08-17T22:18:20+08:00 ] /favicon.ico | INFO: Tag[ route_check ] --START--
[ 2012-08-17T22:18:20+08:00 ] /favicon.ico | INFO: Run CheckRoute Behavior [ RunTime:0.002489s ]
[ 2012-08-17T22:18:20+08:00 ] /favicon.ico | INFO: Tag[ route_check ] --END-- [ RunTime:0.002774s ]
[ 2012-08-17T22:18:20+08:00 ] /favicon.ico | INFO: Tag[ app_begin ] --START--
[ 2012-08-17T22:18:20+08:00 ] /favicon.ico | INFO: Run ReadHtmlCache Behavior [ RunTime:0.001867s ]
[ 2012-08-17T22:18:20+08:00 ] /favicon.ico | INFO: Tag[ app_begin ] --END-- [ RunTime:0.001940s ]
[ 2012-08-17T22:18:41+08:00 ] /favicon.ico | INFO: Tag[ route_check ] --START--
[ 2012-08-17T22:18:41+08:00 ] /favicon.ico | INFO: Run CheckRoute Behavior [ RunTime:0.021542s ]
[ 2012-08-17T22:18:41+08:00 ] /favicon.ico | INFO: Tag[ route_check ] --END-- [ RunTime:0.021696s ]
[ 2012-08-17T22:18:41+08:00 ] /favicon.ico | INFO: Tag[ app_begin ] --START--
[ 2012-08-17T22:18:41+08:00 ] /favicon.ico | INFO: Run ReadHtmlCache Behavior [ RunTime:0.004519s ]
[ 2012-08-17T22:18:41+08:00 ] /favicon.ico | INFO: Tag[ app_begin ] --END-- [ RunTime:0.004628s ]
[ 2012-08-17T22:25:32+08:00 ] /favicon.ico | INFO: Tag[ route_check ] --START--
[ 2012-08-17T22:25:32+08:00 ] /favicon.ico | INFO: Run CheckRoute Behavior [ RunTime:0.002584s ]
[ 2012-08-17T22:25:32+08:00 ] /favicon.ico | INFO: Tag[ route_check ] --END-- [ RunTime:0.002708s ]
[ 2012-08-17T22:25:32+08:00 ] /favicon.ico | INFO: Tag[ app_begin ] --START--
[ 2012-08-17T22:25:32+08:00 ] /favicon.ico | INFO: Run ReadHtmlCache Behavior [ RunTime:0.001578s ]
[ 2012-08-17T22:25:32+08:00 ] /favicon.ico | INFO: Tag[ app_begin ] --END-- [ RunTime:0.001650s ]
[ 2012-08-17T22:25:58+08:00 ] /favicon.ico | INFO: Tag[ route_check ] --START--
[ 2012-08-17T22:25:58+08:00 ] /favicon.ico | INFO: Run CheckRoute Behavior [ RunTime:0.003219s ]
[ 2012-08-17T22:25:58+08:00 ] /favicon.ico | INFO: Tag[ route_check ] --END-- [ RunTime:0.003418s ]
[ 2012-08-17T22:25:58+08:00 ] /favicon.ico | INFO: Tag[ app_begin ] --START--
[ 2012-08-17T22:25:58+08:00 ] /favicon.ico | INFO: Run ReadHtmlCache Behavior [ RunTime:0.002413s ]
[ 2012-08-17T22:25:58+08:00 ] /favicon.ico | INFO: Tag[ app_begin ] --END-- [ RunTime:0.002532s ]
[ 2012-08-17T22:26:18+08:00 ] /favicon.ico | INFO: Tag[ route_check ] --START--
[ 2012-08-17T22:26:18+08:00 ] /favicon.ico | INFO: Run CheckRoute Behavior [ RunTime:0.002721s ]
[ 2012-08-17T22:26:18+08:00 ] /favicon.ico | INFO: Tag[ route_check ] --END-- [ RunTime:0.002855s ]
[ 2012-08-17T22:26:18+08:00 ] /favicon.ico | INFO: Tag[ app_begin ] --START--
[ 2012-08-17T22:26:18+08:00 ] /favicon.ico | INFO: Run ReadHtmlCache Behavior [ RunTime:0.001457s ]
[ 2012-08-17T22:26:18+08:00 ] /favicon.ico | INFO: Tag[ app_begin ] --END-- [ RunTime:0.001529s ]
[ 2012-08-17T22:26:41+08:00 ] /favicon.ico | INFO: Tag[ route_check ] --START--
[ 2012-08-17T22:26:41+08:00 ] /favicon.ico | INFO: Run CheckRoute Behavior [ RunTime:0.002217s ]
[ 2012-08-17T22:26:41+08:00 ] /favicon.ico | INFO: Tag[ route_check ] --END-- [ RunTime:0.002348s ]
[ 2012-08-17T22:26:41+08:00 ] /favicon.ico | INFO: Tag[ app_begin ] --START--
[ 2012-08-17T22:26:41+08:00 ] /favicon.ico | INFO: Run ReadHtmlCache Behavior [ RunTime:0.001381s ]
[ 2012-08-17T22:26:41+08:00 ] /favicon.ico | INFO: Tag[ app_begin ] --END-- [ RunTime:0.001468s ]
[ 2012-08-17T22:26:48+08:00 ] /favicon.ico | INFO: Tag[ route_check ] --START--
[ 2012-08-17T22:26:48+08:00 ] /favicon.ico | INFO: Run CheckRoute Behavior [ RunTime:0.001691s ]
[ 2012-08-17T22:26:48+08:00 ] /favicon.ico | INFO: Tag[ route_check ] --END-- [ RunTime:0.001860s ]
[ 2012-08-17T22:26:48+08:00 ] /favicon.ico | INFO: Tag[ app_begin ] --START--
[ 2012-08-17T22:26:48+08:00 ] /favicon.ico | INFO: Run ReadHtmlCache Behavior [ RunTime:0.001184s ]
[ 2012-08-17T22:26:48+08:00 ] /favicon.ico | INFO: Tag[ app_begin ] --END-- [ RunTime:0.001257s ]
[ 2012-08-17T22:26:54+08:00 ] /favicon.ico | INFO: Tag[ route_check ] --START--
[ 2012-08-17T22:26:54+08:00 ] /favicon.ico | INFO: Run CheckRoute Behavior [ RunTime:0.002216s ]
[ 2012-08-17T22:26:54+08:00 ] /favicon.ico | INFO: Tag[ route_check ] --END-- [ RunTime:0.002412s ]
[ 2012-08-17T22:26:54+08:00 ] /favicon.ico | INFO: Tag[ app_begin ] --START--
[ 2012-08-17T22:26:54+08:00 ] /favicon.ico | INFO: Run ReadHtmlCache Behavior [ RunTime:0.001655s ]
[ 2012-08-17T22:26:54+08:00 ] /favicon.ico | INFO: Tag[ app_begin ] --END-- [ RunTime:0.001776s ]
[ 2012-08-17T22:30:45+08:00 ] /favicon.ico | INFO: Tag[ route_check ] --START--
[ 2012-08-17T22:30:45+08:00 ] /favicon.ico | INFO: Run CheckRoute Behavior [ RunTime:0.002637s ]
[ 2012-08-17T22:30:45+08:00 ] /favicon.ico | INFO: Tag[ route_check ] --END-- [ RunTime:0.002805s ]
[ 2012-08-17T22:30:45+08:00 ] /favicon.ico | INFO: Tag[ app_begin ] --START--
[ 2012-08-17T22:30:45+08:00 ] /favicon.ico | INFO: Run ReadHtmlCache Behavior [ RunTime:0.001281s ]
[ 2012-08-17T22:30:45+08:00 ] /favicon.ico | INFO: Tag[ app_begin ] --END-- [ RunTime:0.001354s ]
[ 2012-08-17T22:30:53+08:00 ] /favicon.ico | INFO: Tag[ route_check ] --START--
[ 2012-08-17T22:30:53+08:00 ] /favicon.ico | INFO: Run CheckRoute Behavior [ RunTime:0.001587s ]
[ 2012-08-17T22:30:53+08:00 ] /favicon.ico | INFO: Tag[ route_check ] --END-- [ RunTime:0.001723s ]
[ 2012-08-17T22:30:53+08:00 ] /favicon.ico | INFO: Tag[ app_begin ] --START--
[ 2012-08-17T22:30:53+08:00 ] /favicon.ico | INFO: Run ReadHtmlCache Behavior [ RunTime:0.001156s ]
[ 2012-08-17T22:30:53+08:00 ] /favicon.ico | INFO: Tag[ app_begin ] --END-- [ RunTime:0.001229s ]
[ 2012-08-17T22:31:02+08:00 ] /favicon.ico | INFO: Tag[ route_check ] --START--
[ 2012-08-17T22:31:02+08:00 ] /favicon.ico | INFO: Run CheckRoute Behavior [ RunTime:0.001439s ]
[ 2012-08-17T22:31:02+08:00 ] /favicon.ico | INFO: Tag[ route_check ] --END-- [ RunTime:0.001567s ]
[ 2012-08-17T22:31:02+08:00 ] /favicon.ico | INFO: Tag[ app_begin ] --START--
[ 2012-08-17T22:31:02+08:00 ] /favicon.ico | INFO: Run ReadHtmlCache Behavior [ RunTime:0.001036s ]
[ 2012-08-17T22:31:02+08:00 ] /favicon.ico | INFO: Tag[ app_begin ] --END-- [ RunTime:0.001110s ]
[ 2012-08-17T22:31:06+08:00 ] /favicon.ico | INFO: Tag[ route_check ] --START--
[ 2012-08-17T22:31:06+08:00 ] /favicon.ico | INFO: Run CheckRoute Behavior [ RunTime:0.001422s ]
[ 2012-08-17T22:31:06+08:00 ] /favicon.ico | INFO: Tag[ route_check ] --END-- [ RunTime:0.001558s ]
[ 2012-08-17T22:31:06+08:00 ] /favicon.ico | INFO: Tag[ app_begin ] --START--
[ 2012-08-17T22:31:06+08:00 ] /favicon.ico | INFO: Run ReadHtmlCache Behavior [ RunTime:0.001108s ]
[ 2012-08-17T22:31:06+08:00 ] /favicon.ico | INFO: Tag[ app_begin ] --END-- [ RunTime:0.001190s ]
[ 2012-08-17T22:31:07+08:00 ] /favicon.ico | INFO: Tag[ route_check ] --START--
[ 2012-08-17T22:31:07+08:00 ] /favicon.ico | INFO: Run CheckRoute Behavior [ RunTime:0.003414s ]
[ 2012-08-17T22:31:07+08:00 ] /favicon.ico | INFO: Tag[ route_check ] --END-- [ RunTime:0.003557s ]
[ 2012-08-17T22:31:07+08:00 ] /favicon.ico | INFO: Tag[ app_begin ] --START--
[ 2012-08-17T22:31:07+08:00 ] /favicon.ico | INFO: Run ReadHtmlCache Behavior [ RunTime:0.001874s ]
[ 2012-08-17T22:31:07+08:00 ] /favicon.ico | INFO: Tag[ app_begin ] --END-- [ RunTime:0.001955s ]
[ 2012-08-17T22:34:03+08:00 ] /favicon.ico | INFO: Tag[ route_check ] --START--
[ 2012-08-17T22:34:03+08:00 ] /favicon.ico | INFO: Run CheckRoute Behavior [ RunTime:0.002462s ]
[ 2012-08-17T22:34:03+08:00 ] /favicon.ico | INFO: Tag[ route_check ] --END-- [ RunTime:0.002586s ]
[ 2012-08-17T22:34:03+08:00 ] /favicon.ico | INFO: Tag[ app_begin ] --START--
[ 2012-08-17T22:34:03+08:00 ] /favicon.ico | INFO: Run ReadHtmlCache Behavior [ RunTime:0.001598s ]
[ 2012-08-17T22:34:03+08:00 ] /favicon.ico | INFO: Tag[ app_begin ] --END-- [ RunTime:0.001671s ]
[ 2012-08-17T22:35:51+08:00 ] /favicon.ico | INFO: Tag[ route_check ] --START--
[ 2012-08-17T22:35:51+08:00 ] /favicon.ico | INFO: Run CheckRoute Behavior [ RunTime:0.001381s ]
[ 2012-08-17T22:35:51+08:00 ] /favicon.ico | INFO: Tag[ route_check ] --END-- [ RunTime:0.001503s ]
[ 2012-08-17T22:35:51+08:00 ] /favicon.ico | INFO: Tag[ app_begin ] --START--
[ 2012-08-17T22:35:51+08:00 ] /favicon.ico | INFO: Run ReadHtmlCache Behavior [ RunTime:0.001546s ]
[ 2012-08-17T22:35:51+08:00 ] /favicon.ico | INFO: Tag[ app_begin ] --END-- [ RunTime:0.001624s ]
[ 2012-08-17T22:36:49+08:00 ] /favicon.ico | INFO: Tag[ route_check ] --START--
[ 2012-08-17T22:36:49+08:00 ] /favicon.ico | INFO: Run CheckRoute Behavior [ RunTime:0.002640s ]
[ 2012-08-17T22:36:49+08:00 ] /favicon.ico | INFO: Tag[ route_check ] --END-- [ RunTime:0.002827s ]
[ 2012-08-17T22:36:49+08:00 ] /favicon.ico | INFO: Tag[ app_begin ] --START--
[ 2012-08-17T22:36:49+08:00 ] /favicon.ico | INFO: Run ReadHtmlCache Behavior [ RunTime:0.002389s ]
[ 2012-08-17T22:36:49+08:00 ] /favicon.ico | INFO: Tag[ app_begin ] --END-- [ RunTime:0.002535s ]
[ 2012-08-17T22:37:09+08:00 ] /favicon.ico | INFO: Tag[ route_check ] --START--
[ 2012-08-17T22:37:09+08:00 ] /favicon.ico | INFO: Run CheckRoute Behavior [ RunTime:0.002269s ]
[ 2012-08-17T22:37:09+08:00 ] /favicon.ico | INFO: Tag[ route_check ] --END-- [ RunTime:0.002500s ]
[ 2012-08-17T22:37:09+08:00 ] /favicon.ico | INFO: Tag[ app_begin ] --START--
[ 2012-08-17T22:37:09+08:00 ] /favicon.ico | INFO: Run ReadHtmlCache Behavior [ RunTime:0.001677s ]
[ 2012-08-17T22:37:09+08:00 ] /favicon.ico | INFO: Tag[ app_begin ] --END-- [ RunTime:0.001810s ]
[ 2012-08-17T22:37:20+08:00 ] /favicon.ico | INFO: Tag[ route_check ] --START--
[ 2012-08-17T22:37:20+08:00 ] /favicon.ico | INFO: Run CheckRoute Behavior [ RunTime:0.001381s ]
[ 2012-08-17T22:37:20+08:00 ] /favicon.ico | INFO: Tag[ route_check ] --END-- [ RunTime:0.001504s ]
[ 2012-08-17T22:37:20+08:00 ] /favicon.ico | INFO: Tag[ app_begin ] --START--
[ 2012-08-17T22:37:20+08:00 ] /favicon.ico | INFO: Run ReadHtmlCache Behavior [ RunTime:0.001043s ]
[ 2012-08-17T22:37:20+08:00 ] /favicon.ico | INFO: Tag[ app_begin ] --END-- [ RunTime:0.001115s ]
[ 2012-08-17T22:37:45+08:00 ] /favicon.ico | INFO: Tag[ route_check ] --START--
[ 2012-08-17T22:37:45+08:00 ] /favicon.ico | INFO: Run CheckRoute Behavior [ RunTime:0.002295s ]
[ 2012-08-17T22:37:45+08:00 ] /favicon.ico | INFO: Tag[ route_check ] --END-- [ RunTime:0.002418s ]
[ 2012-08-17T22:37:45+08:00 ] /favicon.ico | INFO: Tag[ app_begin ] --START--
[ 2012-08-17T22:37:45+08:00 ] /favicon.ico | INFO: Run ReadHtmlCache Behavior [ RunTime:0.001588s ]
[ 2012-08-17T22:37:45+08:00 ] /favicon.ico | INFO: Tag[ app_begin ] --END-- [ RunTime:0.001661s ]
[ 2012-08-17T22:37:51+08:00 ] /favicon.ico | INFO: Tag[ route_check ] --START--
[ 2012-08-17T22:37:51+08:00 ] /favicon.ico | INFO: Run CheckRoute Behavior [ RunTime:0.001818s ]
[ 2012-08-17T22:37:51+08:00 ] /favicon.ico | INFO: Tag[ route_check ] --END-- [ RunTime:0.001943s ]
[ 2012-08-17T22:37:51+08:00 ] /favicon.ico | INFO: Tag[ app_begin ] --START--
[ 2012-08-17T22:37:51+08:00 ] /favicon.ico | INFO: Run ReadHtmlCache Behavior [ RunTime:0.001018s ]
[ 2012-08-17T22:37:51+08:00 ] /favicon.ico | INFO: Tag[ app_begin ] --END-- [ RunTime:0.001088s ]
[ 2012-08-17T22:37:58+08:00 ] /favicon.ico | INFO: Tag[ route_check ] --START--
[ 2012-08-17T22:37:58+08:00 ] /favicon.ico | INFO: Run CheckRoute Behavior [ RunTime:0.002421s ]
[ 2012-08-17T22:37:58+08:00 ] /favicon.ico | INFO: Tag[ route_check ] --END-- [ RunTime:0.002670s ]
[ 2012-08-17T22:37:58+08:00 ] /favicon.ico | INFO: Tag[ app_begin ] --START--
[ 2012-08-17T22:37:58+08:00 ] /favicon.ico | INFO: Run ReadHtmlCache Behavior [ RunTime:0.001769s ]
[ 2012-08-17T22:37:58+08:00 ] /favicon.ico | INFO: Tag[ app_begin ] --END-- [ RunTime:0.001902s ]
[ 2012-08-17T22:38:16+08:00 ] /favicon.ico | INFO: Tag[ route_check ] --START--
[ 2012-08-17T22:38:16+08:00 ] /favicon.ico | INFO: Run CheckRoute Behavior [ RunTime:0.001886s ]
[ 2012-08-17T22:38:16+08:00 ] /favicon.ico | INFO: Tag[ route_check ] --END-- [ RunTime:0.002080s ]
[ 2012-08-17T22:38:16+08:00 ] /favicon.ico | INFO: Tag[ app_begin ] --START--
[ 2012-08-17T22:38:16+08:00 ] /favicon.ico | INFO: Run ReadHtmlCache Behavior [ RunTime:0.001552s ]
[ 2012-08-17T22:38:16+08:00 ] /favicon.ico | INFO: Tag[ app_begin ] --END-- [ RunTime:0.001660s ]
[ 2012-08-17T22:38:25+08:00 ] /favicon.ico | INFO: Tag[ route_check ] --START--
[ 2012-08-17T22:38:25+08:00 ] /favicon.ico | INFO: Run CheckRoute Behavior [ RunTime:0.001829s ]
[ 2012-08-17T22:38:25+08:00 ] /favicon.ico | INFO: Tag[ route_check ] --END-- [ RunTime:0.001950s ]
[ 2012-08-17T22:38:25+08:00 ] /favicon.ico | INFO: Tag[ app_begin ] --START--
[ 2012-08-17T22:38:25+08:00 ] /favicon.ico | INFO: Run ReadHtmlCache Behavior [ RunTime:0.001021s ]
[ 2012-08-17T22:38:25+08:00 ] /favicon.ico | INFO: Tag[ app_begin ] --END-- [ RunTime:0.001091s ]
[ 2012-08-17T22:38:30+08:00 ] /favicon.ico | INFO: Tag[ route_check ] --START--
[ 2012-08-17T22:38:30+08:00 ] /favicon.ico | INFO: Run CheckRoute Behavior [ RunTime:0.002477s ]
[ 2012-08-17T22:38:30+08:00 ] /favicon.ico | INFO: Tag[ route_check ] --END-- [ RunTime:0.002645s ]
[ 2012-08-17T22:38:30+08:00 ] /favicon.ico | INFO: Tag[ app_begin ] --START--
[ 2012-08-17T22:38:30+08:00 ] /favicon.ico | INFO: Run ReadHtmlCache Behavior [ RunTime:0.001081s ]
[ 2012-08-17T22:38:30+08:00 ] /favicon.ico | INFO: Tag[ app_begin ] --END-- [ RunTime:0.001153s ]
[ 2012-08-17T22:39:02+08:00 ] /favicon.ico | INFO: Tag[ route_check ] --START--
[ 2012-08-17T22:39:02+08:00 ] /favicon.ico | INFO: Run CheckRoute Behavior [ RunTime:0.002528s ]
[ 2012-08-17T22:39:02+08:00 ] /favicon.ico | INFO: Tag[ route_check ] --END-- [ RunTime:0.002659s ]
[ 2012-08-17T22:39:02+08:00 ] /favicon.ico | INFO: Tag[ app_begin ] --START--
[ 2012-08-17T22:39:02+08:00 ] /favicon.ico | INFO: Run ReadHtmlCache Behavior [ RunTime:0.001034s ]
[ 2012-08-17T22:39:02+08:00 ] /favicon.ico | INFO: Tag[ app_begin ] --END-- [ RunTime:0.001105s ]
[ 2012-08-17T23:52:13+08:00 ] /favicon.ico | INFO: Tag[ route_check ] --START--
[ 2012-08-17T23:52:13+08:00 ] /favicon.ico | INFO: Run CheckRoute Behavior [ RunTime:0.002309s ]
[ 2012-08-17T23:52:13+08:00 ] /favicon.ico | INFO: Tag[ route_check ] --END-- [ RunTime:0.002442s ]
[ 2012-08-17T23:52:13+08:00 ] /favicon.ico | INFO: Tag[ app_begin ] --START--
[ 2012-08-17T23:52:13+08:00 ] /favicon.ico | INFO: Run ReadHtmlCache Behavior [ RunTime:0.001322s ]
[ 2012-08-17T23:52:13+08:00 ] /favicon.ico | INFO: Tag[ app_begin ] --END-- [ RunTime:0.001402s ]
[ 2012-08-17T23:52:15+08:00 ] /favicon.ico | INFO: Tag[ route_check ] --START--
[ 2012-08-17T23:52:15+08:00 ] /favicon.ico | INFO: Run CheckRoute Behavior [ RunTime:0.002332s ]
[ 2012-08-17T23:52:15+08:00 ] /favicon.ico | INFO: Tag[ route_check ] --END-- [ RunTime:0.002456s ]
[ 2012-08-17T23:52:15+08:00 ] /favicon.ico | INFO: Tag[ app_begin ] --START--
[ 2012-08-17T23:52:15+08:00 ] /favicon.ico | INFO: Run ReadHtmlCache Behavior [ RunTime:0.001343s ]
[ 2012-08-17T23:52:15+08:00 ] /favicon.ico | INFO: Tag[ app_begin ] --END-- [ RunTime:0.001416s ]
[ 2012-08-17T23:52:53+08:00 ] /favicon.ico | INFO: Tag[ route_check ] --START--
[ 2012-08-17T23:52:53+08:00 ] /favicon.ico | INFO: Run CheckRoute Behavior [ RunTime:0.002221s ]
[ 2012-08-17T23:52:53+08:00 ] /favicon.ico | INFO: Tag[ route_check ] --END-- [ RunTime:0.002435s ]
[ 2012-08-17T23:52:53+08:00 ] /favicon.ico | INFO: Tag[ app_begin ] --START--
[ 2012-08-17T23:52:53+08:00 ] /favicon.ico | INFO: Run ReadHtmlCache Behavior [ RunTime:0.001663s ]
[ 2012-08-17T23:52:53+08:00 ] /favicon.ico | INFO: Tag[ app_begin ] --END-- [ RunTime:0.001781s ]
