[ 2012-06-28T11:22:52+08:00 ] / | INFO: Tag[ app_begin ] --START--
[ 2012-06-28T11:22:52+08:00 ] / | INFO: Run ReadHtmlCache Behavior [ RunTime:0.003220s ]
[ 2012-06-28T11:22:52+08:00 ] / | INFO: Tag[ app_begin ] --END-- [ RunTime:0.024958s ]
[ 2012-06-28T11:22:52+08:00 ] / | SQL: SHOW COLUMNS FROM `my_catalog` [ RunTime:0.113028s ]
[ 2012-06-28T11:22:52+08:00 ] / | SQL: SELECT * FROM `my_catalog` WHERE pid='1' ORDER BY sequence  [ RunTime:0.023543s ]
[ 2012-06-28T11:22:52+08:00 ] / | SQL: SHOW COLUMNS FROM `my_article` [ RunTime:0.043232s ]
[ 2012-06-28T11:22:52+08:00 ] / | NOTIC: [8] Undefined index: id HomeAction.class.php 第 12 行.
[ 2012-06-28T11:22:52+08:00 ] / | NOTIC: [8] Undefined variable: data HomeAction.class.php 第 14 行.
[ 2012-06-28T11:22:52+08:00 ] / | SQL: SELECT * FROM `my_article` ORDER BY create_time desc LIMIT 3   [ RunTime:0.000984s ]
[ 2012-06-28T11:22:52+08:00 ] / | INFO: Tag[ view_template ] --START--
[ 2012-06-28T11:22:52+08:00 ] / | INFO: Run LocationTemplate Behavior [ RunTime:0.004472s ]
[ 2012-06-28T11:22:52+08:00 ] / | INFO: Tag[ view_template ] --END-- [ RunTime:0.004672s ]
[ 2012-06-28T11:22:52+08:00 ] / | INFO: Tag[ view_parse ] --START--
[ 2012-06-28T11:22:53+08:00 ] / | INFO: Run ParseTemplate Behavior [ RunTime:0.065610s ]
[ 2012-06-28T11:22:53+08:00 ] / | INFO: Tag[ view_parse ] --END-- [ RunTime:0.065758s ]
[ 2012-06-28T11:22:53+08:00 ] / | INFO: Tag[ view_filter ] --START--
[ 2012-06-28T11:22:53+08:00 ] / | INFO: Run ContentReplace Behavior [ RunTime:0.002205s ]
[ 2012-06-28T11:22:53+08:00 ] / | INFO: Run TokenBuild Behavior [ RunTime:0.002405s ]
[ 2012-06-28T11:22:53+08:00 ] / | INFO: Run WriteHtmlCache Behavior [ RunTime:0.001601s ]
[ 2012-06-28T11:22:53+08:00 ] / | INFO: Run ShowRuntime Behavior [ RunTime:0.002089s ]
[ 2012-06-28T11:22:53+08:00 ] / | INFO: Tag[ view_filter ] --END-- [ RunTime:0.008681s ]
[ 2012-06-28T11:22:53+08:00 ] / | INFO: Tag[ view_end ] --START--
[ 2012-06-28T11:22:53+08:00 ] / | INFO: Run ShowPageTrace Behavior [ RunTime:0.001726s ]
[ 2012-06-28T11:22:53+08:00 ] / | INFO: Tag[ view_end ] --END-- [ RunTime:0.001826s ]
[ 2012-06-28T11:22:54+08:00 ] /favicon.ico | INFO: Tag[ route_check ] --START--
[ 2012-06-28T11:22:54+08:00 ] /favicon.ico | INFO: Run CheckRoute Behavior [ RunTime:0.002059s ]
[ 2012-06-28T11:22:54+08:00 ] /favicon.ico | INFO: Tag[ route_check ] --END-- [ RunTime:0.002192s ]
[ 2012-06-28T11:22:54+08:00 ] /favicon.ico | INFO: Tag[ app_begin ] --START--
[ 2012-06-28T11:22:54+08:00 ] /favicon.ico | INFO: Run ReadHtmlCache Behavior [ RunTime:0.001296s ]
[ 2012-06-28T11:22:54+08:00 ] /favicon.ico | INFO: Tag[ app_begin ] --END-- [ RunTime:0.001375s ]
[ 2012-06-28T11:23:11+08:00 ] / | INFO: Tag[ app_begin ] --START--
[ 2012-06-28T11:23:11+08:00 ] / | INFO: Run ReadHtmlCache Behavior [ RunTime:0.001670s ]
[ 2012-06-28T11:23:11+08:00 ] / | INFO: Tag[ app_begin ] --END-- [ RunTime:0.001869s ]
[ 2012-06-28T11:23:11+08:00 ] / | SQL: SHOW COLUMNS FROM `my_catalog` [ RunTime:0.005634s ]
[ 2012-06-28T11:23:11+08:00 ] / | SQL: SELECT * FROM `my_catalog` WHERE pid='1' ORDER BY sequence  [ RunTime:0.000473s ]
[ 2012-06-28T11:23:11+08:00 ] / | SQL: SHOW COLUMNS FROM `my_article` [ RunTime:0.006333s ]
[ 2012-06-28T11:23:11+08:00 ] / | NOTIC: [8] Undefined index: id HomeAction.class.php 第 12 行.
[ 2012-06-28T11:23:11+08:00 ] / | NOTIC: [8] Undefined variable: data HomeAction.class.php 第 14 行.
[ 2012-06-28T11:23:11+08:00 ] / | SQL: SELECT * FROM `my_article` ORDER BY create_time desc LIMIT 3   [ RunTime:0.000512s ]
[ 2012-06-28T11:23:11+08:00 ] / | INFO: Tag[ view_template ] --START--
[ 2012-06-28T11:23:11+08:00 ] / | INFO: Run LocationTemplate Behavior [ RunTime:0.002557s ]
[ 2012-06-28T11:23:11+08:00 ] / | INFO: Tag[ view_template ] --END-- [ RunTime:0.002658s ]
[ 2012-06-28T11:23:11+08:00 ] / | INFO: Tag[ view_parse ] --START--
[ 2012-06-28T11:23:11+08:00 ] / | INFO: Run ParseTemplate Behavior [ RunTime:0.029246s ]
[ 2012-06-28T11:23:11+08:00 ] / | INFO: Tag[ view_parse ] --END-- [ RunTime:0.029351s ]
[ 2012-06-28T11:23:11+08:00 ] / | INFO: Tag[ view_filter ] --START--
[ 2012-06-28T11:23:11+08:00 ] / | INFO: Run ContentReplace Behavior [ RunTime:0.001479s ]
[ 2012-06-28T11:23:11+08:00 ] / | INFO: Run TokenBuild Behavior [ RunTime:0.001351s ]
[ 2012-06-28T11:23:11+08:00 ] / | INFO: Run WriteHtmlCache Behavior [ RunTime:0.001685s ]
[ 2012-06-28T11:23:11+08:00 ] / | INFO: Run ShowRuntime Behavior [ RunTime:0.001413s ]
[ 2012-06-28T11:23:11+08:00 ] / | INFO: Tag[ view_filter ] --END-- [ RunTime:0.006258s ]
[ 2012-06-28T11:23:11+08:00 ] / | INFO: Tag[ view_end ] --START--
[ 2012-06-28T11:23:11+08:00 ] / | INFO: Run ShowPageTrace Behavior [ RunTime:0.001245s ]
[ 2012-06-28T11:23:11+08:00 ] / | INFO: Tag[ view_end ] --END-- [ RunTime:0.001321s ]
[ 2012-06-28T11:23:12+08:00 ] /favicon.ico | INFO: Tag[ route_check ] --START--
[ 2012-06-28T11:23:12+08:00 ] /favicon.ico | INFO: Run CheckRoute Behavior [ RunTime:0.002252s ]
[ 2012-06-28T11:23:12+08:00 ] /favicon.ico | INFO: Tag[ route_check ] --END-- [ RunTime:0.002707s ]
[ 2012-06-28T11:23:12+08:00 ] /favicon.ico | INFO: Tag[ app_begin ] --START--
[ 2012-06-28T11:23:12+08:00 ] /favicon.ico | INFO: Run ReadHtmlCache Behavior [ RunTime:0.001977s ]
[ 2012-06-28T11:23:12+08:00 ] /favicon.ico | INFO: Tag[ app_begin ] --END-- [ RunTime:0.002114s ]
[ 2012-06-28T11:23:13+08:00 ] /diary/ | INFO: Tag[ route_check ] --START--
[ 2012-06-28T11:23:13+08:00 ] /diary/ | INFO: Run CheckRoute Behavior [ RunTime:0.002545s ]
[ 2012-06-28T11:23:13+08:00 ] /diary/ | INFO: Tag[ route_check ] --END-- [ RunTime:0.002746s ]
[ 2012-06-28T11:23:13+08:00 ] /diary/ | INFO: Tag[ app_begin ] --START--
[ 2012-06-28T11:23:13+08:00 ] /diary/ | INFO: Run ReadHtmlCache Behavior [ RunTime:0.001690s ]
[ 2012-06-28T11:23:13+08:00 ] /diary/ | INFO: Tag[ app_begin ] --END-- [ RunTime:0.001822s ]
[ 2012-06-28T11:23:13+08:00 ] /diary/ | SQL: SHOW COLUMNS FROM `my_catalog` [ RunTime:0.005535s ]
[ 2012-06-28T11:23:13+08:00 ] /diary/ | SQL: SELECT * FROM `my_catalog` WHERE pid='1' ORDER BY sequence  [ RunTime:0.000438s ]
[ 2012-06-28T11:23:13+08:00 ] /diary/ | SQL: SHOW COLUMNS FROM `my_article` [ RunTime:0.006264s ]
[ 2012-06-28T11:23:13+08:00 ] /diary/ | NOTIC: [8] Undefined index: id DiaryAction.class.php 第 17 行.
[ 2012-06-28T11:23:13+08:00 ] /diary/ | NOTIC: [8] Undefined index: archive DiaryAction.class.php 第 18 行.
[ 2012-06-28T11:23:13+08:00 ] /diary/ | SQL: SELECT * FROM `my_article` ORDER BY create_time desc LIMIT 3   [ RunTime:0.000526s ]
[ 2012-06-28T11:23:13+08:00 ] /diary/ | SQL: SELECT COUNT(id) AS num, `year_month` FROM my_article  GROUP BY `year_month` ORDER BY `year_month` DESC [ RunTime:0.000353s ]
[ 2012-06-28T11:23:13+08:00 ] /diary/ | INFO: Tag[ view_template ] --START--
[ 2012-06-28T11:23:13+08:00 ] /diary/ | INFO: Run LocationTemplate Behavior [ RunTime:0.001614s ]
[ 2012-06-28T11:23:13+08:00 ] /diary/ | INFO: Tag[ view_template ] --END-- [ RunTime:0.001694s ]
[ 2012-06-28T11:23:13+08:00 ] /diary/ | INFO: Tag[ view_parse ] --START--
[ 2012-06-28T11:23:13+08:00 ] /diary/ | INFO: Run ParseTemplate Behavior [ RunTime:0.018206s ]
[ 2012-06-28T11:23:13+08:00 ] /diary/ | INFO: Tag[ view_parse ] --END-- [ RunTime:0.018296s ]
[ 2012-06-28T11:23:13+08:00 ] /diary/ | INFO: Tag[ view_filter ] --START--
[ 2012-06-28T11:23:13+08:00 ] /diary/ | INFO: Run ContentReplace Behavior [ RunTime:0.000881s ]
[ 2012-06-28T11:23:13+08:00 ] /diary/ | INFO: Run TokenBuild Behavior [ RunTime:0.000848s ]
[ 2012-06-28T11:23:13+08:00 ] /diary/ | INFO: Run WriteHtmlCache Behavior [ RunTime:0.000657s ]
[ 2012-06-28T11:23:13+08:00 ] /diary/ | INFO: Run ShowRuntime Behavior [ RunTime:0.000898s ]
[ 2012-06-28T11:23:13+08:00 ] /diary/ | INFO: Tag[ view_filter ] --END-- [ RunTime:0.003494s ]
[ 2012-06-28T11:23:13+08:00 ] /diary/ | INFO: Tag[ view_end ] --START--
[ 2012-06-28T11:23:13+08:00 ] /diary/ | INFO: Run ShowPageTrace Behavior [ RunTime:0.000960s ]
[ 2012-06-28T11:23:13+08:00 ] /diary/ | INFO: Tag[ view_end ] --END-- [ RunTime:0.001035s ]
[ 2012-06-28T11:23:14+08:00 ] /favicon.ico | INFO: Tag[ route_check ] --START--
[ 2012-06-28T11:23:14+08:00 ] /favicon.ico | INFO: Run CheckRoute Behavior [ RunTime:0.002231s ]
[ 2012-06-28T11:23:14+08:00 ] /favicon.ico | INFO: Tag[ route_check ] --END-- [ RunTime:0.002425s ]
[ 2012-06-28T11:23:14+08:00 ] /favicon.ico | INFO: Tag[ app_begin ] --START--
[ 2012-06-28T11:23:14+08:00 ] /favicon.ico | INFO: Run ReadHtmlCache Behavior [ RunTime:0.001737s ]
[ 2012-06-28T11:23:14+08:00 ] /favicon.ico | INFO: Tag[ app_begin ] --END-- [ RunTime:0.001862s ]
[ 2012-06-28T11:23:16+08:00 ] /gallery/ | INFO: Tag[ route_check ] --START--
[ 2012-06-28T11:23:16+08:00 ] /gallery/ | INFO: Run CheckRoute Behavior [ RunTime:0.002012s ]
[ 2012-06-28T11:23:16+08:00 ] /gallery/ | INFO: Tag[ route_check ] --END-- [ RunTime:0.002195s ]
[ 2012-06-28T11:23:16+08:00 ] /gallery/ | INFO: Tag[ app_begin ] --START--
[ 2012-06-28T11:23:16+08:00 ] /gallery/ | INFO: Run ReadHtmlCache Behavior [ RunTime:0.001542s ]
[ 2012-06-28T11:23:16+08:00 ] /gallery/ | INFO: Tag[ app_begin ] --END-- [ RunTime:0.001641s ]
[ 2012-06-28T11:23:16+08:00 ] /gallery/ | INFO: Tag[ view_template ] --START--
[ 2012-06-28T11:23:16+08:00 ] /gallery/ | INFO: Run LocationTemplate Behavior [ RunTime:0.001481s ]
[ 2012-06-28T11:23:16+08:00 ] /gallery/ | INFO: Tag[ view_template ] --END-- [ RunTime:0.001583s ]
[ 2012-06-28T11:23:16+08:00 ] /gallery/ | INFO: Tag[ view_parse ] --START--
[ 2012-06-28T11:23:16+08:00 ] /gallery/ | INFO: Run ParseTemplate Behavior [ RunTime:0.012706s ]
[ 2012-06-28T11:23:16+08:00 ] /gallery/ | INFO: Tag[ view_parse ] --END-- [ RunTime:0.012816s ]
[ 2012-06-28T11:23:16+08:00 ] /gallery/ | INFO: Tag[ view_filter ] --START--
[ 2012-06-28T11:23:16+08:00 ] /gallery/ | INFO: Run ContentReplace Behavior [ RunTime:0.001108s ]
[ 2012-06-28T11:23:16+08:00 ] /gallery/ | INFO: Run TokenBuild Behavior [ RunTime:0.000883s ]
[ 2012-06-28T11:23:16+08:00 ] /gallery/ | INFO: Run WriteHtmlCache Behavior [ RunTime:0.000698s ]
[ 2012-06-28T11:23:16+08:00 ] /gallery/ | INFO: Run ShowRuntime Behavior [ RunTime:0.000921s ]
[ 2012-06-28T11:23:16+08:00 ] /gallery/ | INFO: Tag[ view_filter ] --END-- [ RunTime:0.003837s ]
[ 2012-06-28T11:23:16+08:00 ] /gallery/ | INFO: Tag[ view_end ] --START--
[ 2012-06-28T11:23:16+08:00 ] /gallery/ | INFO: Run ShowPageTrace Behavior [ RunTime:0.000938s ]
[ 2012-06-28T11:23:16+08:00 ] /gallery/ | INFO: Tag[ view_end ] --END-- [ RunTime:0.001012s ]
[ 2012-06-28T11:23:18+08:00 ] /favicon.ico | INFO: Tag[ route_check ] --START--
[ 2012-06-28T11:23:18+08:00 ] /favicon.ico | INFO: Run CheckRoute Behavior [ RunTime:0.002284s ]
[ 2012-06-28T11:23:18+08:00 ] /favicon.ico | INFO: Tag[ route_check ] --END-- [ RunTime:0.002481s ]
[ 2012-06-28T11:23:18+08:00 ] /favicon.ico | INFO: Tag[ app_begin ] --START--
[ 2012-06-28T11:23:18+08:00 ] /favicon.ico | INFO: Run ReadHtmlCache Behavior [ RunTime:0.001693s ]
[ 2012-06-28T11:23:18+08:00 ] /favicon.ico | INFO: Tag[ app_begin ] --END-- [ RunTime:0.001813s ]
[ 2012-06-28T11:23:20+08:00 ] /message/ | INFO: Tag[ route_check ] --START--
[ 2012-06-28T11:23:20+08:00 ] /message/ | INFO: Run CheckRoute Behavior [ RunTime:0.002207s ]
[ 2012-06-28T11:23:20+08:00 ] /message/ | INFO: Tag[ route_check ] --END-- [ RunTime:0.002404s ]
[ 2012-06-28T11:23:20+08:00 ] /message/ | INFO: Tag[ app_begin ] --START--
[ 2012-06-28T11:23:20+08:00 ] /message/ | INFO: Run ReadHtmlCache Behavior [ RunTime:0.001313s ]
[ 2012-06-28T11:23:20+08:00 ] /message/ | INFO: Tag[ app_begin ] --END-- [ RunTime:0.001406s ]
[ 2012-06-28T11:23:20+08:00 ] /message/ | SQL: SELECT c.id AS cid, pid, `comment`, c.create_time AS createtime, username,realname, avatar FROM my_comment AS c, my_user AS u 
       		WHERE(article_id='10000' and pid=0 AND c.userid = u.id) order by createtime desc [ RunTime:0.193341s ]
[ 2012-06-28T11:23:20+08:00 ] /message/ | NOTIC: [8] Undefined index: Sada_username MessageAction.class.php 第 34 行.
[ 2012-06-28T11:23:20+08:00 ] /message/ | NOTIC: [8] Undefined index: Sada_username MessageAction.class.php 第 38 行.
[ 2012-06-28T11:23:20+08:00 ] /message/ | SQL: SELECT c.id AS cid, pid, `comment`, c.create_time AS createtime, username,realname, avatar FROM my_comment AS c, my_user AS u
    			WHERE(article_id='10000' and pid='47' AND c.userid = u.id) order by createtime desc [ RunTime:0.007270s ]
[ 2012-06-28T11:23:20+08:00 ] /message/ | NOTIC: [8] Undefined index: Sada_username MessageAction.class.php 第 34 行.
[ 2012-06-28T11:23:20+08:00 ] /message/ | NOTIC: [8] Undefined index: Sada_username MessageAction.class.php 第 38 行.
[ 2012-06-28T11:23:20+08:00 ] /message/ | SQL: SELECT c.id AS cid, pid, `comment`, c.create_time AS createtime, username,realname, avatar FROM my_comment AS c, my_user AS u
    			WHERE(article_id='10000' and pid='41' AND c.userid = u.id) order by createtime desc [ RunTime:0.008287s ]
[ 2012-06-28T11:23:20+08:00 ] /message/ | NOTIC: [8] Undefined index: Sada_username MessageAction.class.php 第 114 行.
[ 2012-06-28T11:23:20+08:00 ] /message/ | NOTIC: [8] Undefined index: Sada_username MessageAction.class.php 第 118 行.
[ 2012-06-28T11:23:20+08:00 ] /message/ | SQL: SELECT c.id AS cid, pid, `comment`, c.create_time AS createtime, username,realname, avatar FROM my_comment AS c, my_user AS u
    			WHERE(article_id='10000' and pid='43' AND c.userid = u.id) order by createtime desc [ RunTime:0.007043s ]
[ 2012-06-28T11:23:20+08:00 ] /message/ | NOTIC: [8] Undefined index: Sada_username MessageAction.class.php 第 114 行.
[ 2012-06-28T11:23:20+08:00 ] /message/ | NOTIC: [8] Undefined index: Sada_username MessageAction.class.php 第 118 行.
[ 2012-06-28T11:23:20+08:00 ] /message/ | SQL: SELECT c.id AS cid, pid, `comment`, c.create_time AS createtime, username,realname, avatar FROM my_comment AS c, my_user AS u
    			WHERE(article_id='10000' and pid='42' AND c.userid = u.id) order by createtime desc [ RunTime:0.006896s ]
[ 2012-06-28T11:23:20+08:00 ] /message/ | NOTIC: [8] Undefined index: Sada_username MessageAction.class.php 第 114 行.
[ 2012-06-28T11:23:20+08:00 ] /message/ | NOTIC: [8] Undefined index: Sada_username MessageAction.class.php 第 118 行.
[ 2012-06-28T11:23:20+08:00 ] /message/ | SQL: SELECT c.id AS cid, pid, `comment`, c.create_time AS createtime, username,realname, avatar FROM my_comment AS c, my_user AS u
    			WHERE(article_id='10000' and pid='44' AND c.userid = u.id) order by createtime desc [ RunTime:0.005659s ]
[ 2012-06-28T11:23:20+08:00 ] /message/ | NOTIC: [8] Undefined index: Sada_username MessageAction.class.php 第 114 行.
[ 2012-06-28T11:23:20+08:00 ] /message/ | NOTIC: [8] Undefined index: Sada_username MessageAction.class.php 第 118 行.
[ 2012-06-28T11:23:20+08:00 ] /message/ | SQL: SELECT c.id AS cid, pid, `comment`, c.create_time AS createtime, username,realname, avatar FROM my_comment AS c, my_user AS u
    			WHERE(article_id='10000' and pid='45' AND c.userid = u.id) order by createtime desc [ RunTime:0.004895s ]
[ 2012-06-28T11:23:20+08:00 ] /message/ | NOTIC: [8] Undefined index: Sada_username MessageAction.class.php 第 114 行.
[ 2012-06-28T11:23:20+08:00 ] /message/ | NOTIC: [8] Undefined index: Sada_username MessageAction.class.php 第 118 行.
[ 2012-06-28T11:23:20+08:00 ] /message/ | SQL: SELECT c.id AS cid, pid, `comment`, c.create_time AS createtime, username,realname, avatar FROM my_comment AS c, my_user AS u
    			WHERE(article_id='10000' and pid='46' AND c.userid = u.id) order by createtime desc [ RunTime:0.004366s ]
[ 2012-06-28T11:23:20+08:00 ] /message/ | INFO: Tag[ view_template ] --START--
[ 2012-06-28T11:23:20+08:00 ] /message/ | INFO: Run LocationTemplate Behavior [ RunTime:0.001610s ]
[ 2012-06-28T11:23:20+08:00 ] /message/ | INFO: Tag[ view_template ] --END-- [ RunTime:0.001707s ]
[ 2012-06-28T11:23:20+08:00 ] /message/ | INFO: Tag[ view_parse ] --START--
[ 2012-06-28T11:23:20+08:00 ] /message/ | INFO: Run ParseTemplate Behavior [ RunTime:0.013599s ]
[ 2012-06-28T11:23:20+08:00 ] /message/ | INFO: Tag[ view_parse ] --END-- [ RunTime:0.013703s ]
[ 2012-06-28T11:23:20+08:00 ] /message/ | INFO: Tag[ view_filter ] --START--
[ 2012-06-28T11:23:20+08:00 ] /message/ | INFO: Run ContentReplace Behavior [ RunTime:0.000883s ]
[ 2012-06-28T11:23:20+08:00 ] /message/ | INFO: Run TokenBuild Behavior [ RunTime:0.001004s ]
[ 2012-06-28T11:23:20+08:00 ] /message/ | INFO: Run WriteHtmlCache Behavior [ RunTime:0.000689s ]
[ 2012-06-28T11:23:20+08:00 ] /message/ | INFO: Run ShowRuntime Behavior [ RunTime:0.000940s ]
[ 2012-06-28T11:23:20+08:00 ] /message/ | INFO: Tag[ view_filter ] --END-- [ RunTime:0.003731s ]
[ 2012-06-28T11:23:20+08:00 ] /message/ | INFO: Tag[ view_end ] --START--
[ 2012-06-28T11:23:20+08:00 ] /message/ | INFO: Run ShowPageTrace Behavior [ RunTime:0.001336s ]
[ 2012-06-28T11:23:20+08:00 ] /message/ | INFO: Tag[ view_end ] --END-- [ RunTime:0.001493s ]
[ 2012-06-28T11:23:21+08:00 ] /favicon.ico | INFO: Tag[ route_check ] --START--
[ 2012-06-28T11:23:21+08:00 ] /favicon.ico | INFO: Run CheckRoute Behavior [ RunTime:0.001349s ]
[ 2012-06-28T11:23:21+08:00 ] /favicon.ico | INFO: Tag[ route_check ] --END-- [ RunTime:0.001476s ]
[ 2012-06-28T11:23:21+08:00 ] /favicon.ico | INFO: Tag[ app_begin ] --START--
[ 2012-06-28T11:23:21+08:00 ] /favicon.ico | INFO: Run ReadHtmlCache Behavior [ RunTime:0.001144s ]
[ 2012-06-28T11:23:21+08:00 ] /favicon.ico | INFO: Tag[ app_begin ] --END-- [ RunTime:0.001217s ]
[ 2012-06-28T11:23:37+08:00 ] /about/ | INFO: Tag[ route_check ] --START--
[ 2012-06-28T11:23:37+08:00 ] /about/ | INFO: Run CheckRoute Behavior [ RunTime:0.001630s ]
[ 2012-06-28T11:23:37+08:00 ] /about/ | INFO: Tag[ route_check ] --END-- [ RunTime:0.001767s ]
[ 2012-06-28T11:23:37+08:00 ] /about/ | INFO: Tag[ app_begin ] --START--
[ 2012-06-28T11:23:37+08:00 ] /about/ | INFO: Run ReadHtmlCache Behavior [ RunTime:0.001233s ]
[ 2012-06-28T11:23:37+08:00 ] /about/ | INFO: Tag[ app_begin ] --END-- [ RunTime:0.001317s ]
[ 2012-06-28T11:23:37+08:00 ] /about/ | INFO: Tag[ view_template ] --START--
[ 2012-06-28T11:23:37+08:00 ] /about/ | INFO: Run LocationTemplate Behavior [ RunTime:0.001402s ]
[ 2012-06-28T11:23:37+08:00 ] /about/ | INFO: Tag[ view_template ] --END-- [ RunTime:0.001489s ]
[ 2012-06-28T11:23:37+08:00 ] /about/ | INFO: Tag[ view_parse ] --START--
[ 2012-06-28T11:23:37+08:00 ] /about/ | INFO: Run ParseTemplate Behavior [ RunTime:0.012659s ]
[ 2012-06-28T11:23:37+08:00 ] /about/ | INFO: Tag[ view_parse ] --END-- [ RunTime:0.012767s ]
[ 2012-06-28T11:23:37+08:00 ] /about/ | INFO: Tag[ view_filter ] --START--
[ 2012-06-28T11:23:37+08:00 ] /about/ | INFO: Run ContentReplace Behavior [ RunTime:0.000937s ]
[ 2012-06-28T11:23:37+08:00 ] /about/ | INFO: Run TokenBuild Behavior [ RunTime:0.000830s ]
[ 2012-06-28T11:23:37+08:00 ] /about/ | INFO: Run WriteHtmlCache Behavior [ RunTime:0.000664s ]
[ 2012-06-28T11:23:37+08:00 ] /about/ | INFO: Run ShowRuntime Behavior [ RunTime:0.001172s ]
[ 2012-06-28T11:23:37+08:00 ] /about/ | INFO: Tag[ view_filter ] --END-- [ RunTime:0.003814s ]
[ 2012-06-28T11:23:37+08:00 ] /about/ | INFO: Tag[ view_end ] --START--
[ 2012-06-28T11:23:37+08:00 ] /about/ | INFO: Run ShowPageTrace Behavior [ RunTime:0.000948s ]
[ 2012-06-28T11:23:37+08:00 ] /about/ | INFO: Tag[ view_end ] --END-- [ RunTime:0.001022s ]
[ 2012-06-28T11:23:39+08:00 ] /favicon.ico | INFO: Tag[ route_check ] --START--
[ 2012-06-28T11:23:39+08:00 ] /favicon.ico | INFO: Run CheckRoute Behavior [ RunTime:0.002235s ]
[ 2012-06-28T11:23:39+08:00 ] /favicon.ico | INFO: Tag[ route_check ] --END-- [ RunTime:0.002430s ]
[ 2012-06-28T11:23:39+08:00 ] /favicon.ico | INFO: Tag[ app_begin ] --START--
[ 2012-06-28T11:23:39+08:00 ] /favicon.ico | INFO: Run ReadHtmlCache Behavior [ RunTime:0.001706s ]
[ 2012-06-28T11:23:39+08:00 ] /favicon.ico | INFO: Tag[ app_begin ] --END-- [ RunTime:0.001842s ]
[ 2012-06-28T11:23:41+08:00 ] /message/ | INFO: Tag[ route_check ] --START--
[ 2012-06-28T11:23:41+08:00 ] /message/ | INFO: Run CheckRoute Behavior [ RunTime:0.002347s ]
[ 2012-06-28T11:23:41+08:00 ] /message/ | INFO: Tag[ route_check ] --END-- [ RunTime:0.002551s ]
[ 2012-06-28T11:23:41+08:00 ] /message/ | INFO: Tag[ app_begin ] --START--
[ 2012-06-28T11:23:41+08:00 ] /message/ | INFO: Run ReadHtmlCache Behavior [ RunTime:0.001718s ]
[ 2012-06-28T11:23:41+08:00 ] /message/ | INFO: Tag[ app_begin ] --END-- [ RunTime:0.001837s ]
[ 2012-06-28T11:23:41+08:00 ] /message/ | SQL: SELECT c.id AS cid, pid, `comment`, c.create_time AS createtime, username,realname, avatar FROM my_comment AS c, my_user AS u 
       		WHERE(article_id='10000' and pid=0 AND c.userid = u.id) order by createtime desc [ RunTime:0.008302s ]
[ 2012-06-28T11:23:41+08:00 ] /message/ | NOTIC: [8] Undefined index: Sada_username MessageAction.class.php 第 34 行.
[ 2012-06-28T11:23:41+08:00 ] /message/ | NOTIC: [8] Undefined index: Sada_username MessageAction.class.php 第 38 行.
[ 2012-06-28T11:23:41+08:00 ] /message/ | SQL: SELECT c.id AS cid, pid, `comment`, c.create_time AS createtime, username,realname, avatar FROM my_comment AS c, my_user AS u
    			WHERE(article_id='10000' and pid='47' AND c.userid = u.id) order by createtime desc [ RunTime:0.005719s ]
[ 2012-06-28T11:23:41+08:00 ] /message/ | NOTIC: [8] Undefined index: Sada_username MessageAction.class.php 第 34 行.
[ 2012-06-28T11:23:41+08:00 ] /message/ | NOTIC: [8] Undefined index: Sada_username MessageAction.class.php 第 38 行.
[ 2012-06-28T11:23:41+08:00 ] /message/ | SQL: SELECT c.id AS cid, pid, `comment`, c.create_time AS createtime, username,realname, avatar FROM my_comment AS c, my_user AS u
    			WHERE(article_id='10000' and pid='41' AND c.userid = u.id) order by createtime desc [ RunTime:0.004980s ]
[ 2012-06-28T11:23:41+08:00 ] /message/ | NOTIC: [8] Undefined index: Sada_username MessageAction.class.php 第 114 行.
[ 2012-06-28T11:23:41+08:00 ] /message/ | NOTIC: [8] Undefined index: Sada_username MessageAction.class.php 第 118 行.
[ 2012-06-28T11:23:41+08:00 ] /message/ | SQL: SELECT c.id AS cid, pid, `comment`, c.create_time AS createtime, username,realname, avatar FROM my_comment AS c, my_user AS u
    			WHERE(article_id='10000' and pid='43' AND c.userid = u.id) order by createtime desc [ RunTime:0.004608s ]
[ 2012-06-28T11:23:41+08:00 ] /message/ | NOTIC: [8] Undefined index: Sada_username MessageAction.class.php 第 114 行.
[ 2012-06-28T11:23:41+08:00 ] /message/ | NOTIC: [8] Undefined index: Sada_username MessageAction.class.php 第 118 行.
[ 2012-06-28T11:23:41+08:00 ] /message/ | SQL: SELECT c.id AS cid, pid, `comment`, c.create_time AS createtime, username,realname, avatar FROM my_comment AS c, my_user AS u
    			WHERE(article_id='10000' and pid='42' AND c.userid = u.id) order by createtime desc [ RunTime:0.005601s ]
[ 2012-06-28T11:23:41+08:00 ] /message/ | NOTIC: [8] Undefined index: Sada_username MessageAction.class.php 第 114 行.
[ 2012-06-28T11:23:41+08:00 ] /message/ | NOTIC: [8] Undefined index: Sada_username MessageAction.class.php 第 118 行.
[ 2012-06-28T11:23:41+08:00 ] /message/ | SQL: SELECT c.id AS cid, pid, `comment`, c.create_time AS createtime, username,realname, avatar FROM my_comment AS c, my_user AS u
    			WHERE(article_id='10000' and pid='44' AND c.userid = u.id) order by createtime desc [ RunTime:0.005378s ]
[ 2012-06-28T11:23:41+08:00 ] /message/ | NOTIC: [8] Undefined index: Sada_username MessageAction.class.php 第 114 行.
[ 2012-06-28T11:23:41+08:00 ] /message/ | NOTIC: [8] Undefined index: Sada_username MessageAction.class.php 第 118 行.
[ 2012-06-28T11:23:41+08:00 ] /message/ | SQL: SELECT c.id AS cid, pid, `comment`, c.create_time AS createtime, username,realname, avatar FROM my_comment AS c, my_user AS u
    			WHERE(article_id='10000' and pid='45' AND c.userid = u.id) order by createtime desc [ RunTime:0.004937s ]
[ 2012-06-28T11:23:41+08:00 ] /message/ | NOTIC: [8] Undefined index: Sada_username MessageAction.class.php 第 114 行.
[ 2012-06-28T11:23:41+08:00 ] /message/ | NOTIC: [8] Undefined index: Sada_username MessageAction.class.php 第 118 行.
[ 2012-06-28T11:23:41+08:00 ] /message/ | SQL: SELECT c.id AS cid, pid, `comment`, c.create_time AS createtime, username,realname, avatar FROM my_comment AS c, my_user AS u
    			WHERE(article_id='10000' and pid='46' AND c.userid = u.id) order by createtime desc [ RunTime:0.004448s ]
[ 2012-06-28T11:23:41+08:00 ] /message/ | INFO: Tag[ view_template ] --START--
[ 2012-06-28T11:23:41+08:00 ] /message/ | INFO: Run LocationTemplate Behavior [ RunTime:0.001249s ]
[ 2012-06-28T11:23:41+08:00 ] /message/ | INFO: Tag[ view_template ] --END-- [ RunTime:0.001330s ]
[ 2012-06-28T11:23:41+08:00 ] /message/ | INFO: Tag[ view_parse ] --START--
[ 2012-06-28T11:23:41+08:00 ] /message/ | INFO: Run ParseTemplate Behavior [ RunTime:0.013246s ]
[ 2012-06-28T11:23:41+08:00 ] /message/ | INFO: Tag[ view_parse ] --END-- [ RunTime:0.013353s ]
[ 2012-06-28T11:23:41+08:00 ] /message/ | INFO: Tag[ view_filter ] --START--
[ 2012-06-28T11:23:41+08:00 ] /message/ | INFO: Run ContentReplace Behavior [ RunTime:0.001116s ]
[ 2012-06-28T11:23:41+08:00 ] /message/ | INFO: Run TokenBuild Behavior [ RunTime:0.000923s ]
[ 2012-06-28T11:23:41+08:00 ] /message/ | INFO: Run WriteHtmlCache Behavior [ RunTime:0.000937s ]
[ 2012-06-28T11:23:41+08:00 ] /message/ | INFO: Run ShowRuntime Behavior [ RunTime:0.000997s ]
[ 2012-06-28T11:23:41+08:00 ] /message/ | INFO: Tag[ view_filter ] --END-- [ RunTime:0.004206s ]
[ 2012-06-28T11:23:41+08:00 ] /message/ | INFO: Tag[ view_end ] --START--
[ 2012-06-28T11:23:41+08:00 ] /message/ | INFO: Run ShowPageTrace Behavior [ RunTime:0.001570s ]
[ 2012-06-28T11:23:41+08:00 ] /message/ | INFO: Tag[ view_end ] --END-- [ RunTime:0.001692s ]
[ 2012-06-28T11:23:42+08:00 ] /favicon.ico | INFO: Tag[ route_check ] --START--
[ 2012-06-28T11:23:42+08:00 ] /favicon.ico | INFO: Run CheckRoute Behavior [ RunTime:0.002412s ]
[ 2012-06-28T11:23:42+08:00 ] /favicon.ico | INFO: Tag[ route_check ] --END-- [ RunTime:0.002612s ]
[ 2012-06-28T11:23:42+08:00 ] /favicon.ico | INFO: Tag[ app_begin ] --START--
[ 2012-06-28T11:23:42+08:00 ] /favicon.ico | INFO: Run ReadHtmlCache Behavior [ RunTime:0.002515s ]
[ 2012-06-28T11:23:42+08:00 ] /favicon.ico | INFO: Tag[ app_begin ] --END-- [ RunTime:0.002649s ]
[ 2012-06-28T11:23:43+08:00 ] /gallery/ | INFO: Tag[ route_check ] --START--
[ 2012-06-28T11:23:43+08:00 ] /gallery/ | INFO: Run CheckRoute Behavior [ RunTime:0.001360s ]
[ 2012-06-28T11:23:43+08:00 ] /gallery/ | INFO: Tag[ route_check ] --END-- [ RunTime:0.001486s ]
[ 2012-06-28T11:23:43+08:00 ] /gallery/ | INFO: Tag[ app_begin ] --START--
[ 2012-06-28T11:23:43+08:00 ] /gallery/ | INFO: Run ReadHtmlCache Behavior [ RunTime:0.001026s ]
[ 2012-06-28T11:23:43+08:00 ] /gallery/ | INFO: Tag[ app_begin ] --END-- [ RunTime:0.001099s ]
[ 2012-06-28T11:23:43+08:00 ] /gallery/ | INFO: Tag[ view_template ] --START--
[ 2012-06-28T11:23:43+08:00 ] /gallery/ | INFO: Run LocationTemplate Behavior [ RunTime:0.000839s ]
[ 2012-06-28T11:23:43+08:00 ] /gallery/ | INFO: Tag[ view_template ] --END-- [ RunTime:0.000924s ]
[ 2012-06-28T11:23:43+08:00 ] /gallery/ | INFO: Tag[ view_parse ] --START--
[ 2012-06-28T11:23:43+08:00 ] /gallery/ | INFO: Run ParseTemplate Behavior [ RunTime:0.011918s ]
[ 2012-06-28T11:23:43+08:00 ] /gallery/ | INFO: Tag[ view_parse ] --END-- [ RunTime:0.012014s ]
[ 2012-06-28T11:23:43+08:00 ] /gallery/ | INFO: Tag[ view_filter ] --START--
[ 2012-06-28T11:23:43+08:00 ] /gallery/ | INFO: Run ContentReplace Behavior [ RunTime:0.000817s ]
[ 2012-06-28T11:23:43+08:00 ] /gallery/ | INFO: Run TokenBuild Behavior [ RunTime:0.000817s ]
[ 2012-06-28T11:23:43+08:00 ] /gallery/ | INFO: Run WriteHtmlCache Behavior [ RunTime:0.000665s ]
[ 2012-06-28T11:23:43+08:00 ] /gallery/ | INFO: Run ShowRuntime Behavior [ RunTime:0.000917s ]
[ 2012-06-28T11:23:43+08:00 ] /gallery/ | INFO: Tag[ view_filter ] --END-- [ RunTime:0.003423s ]
[ 2012-06-28T11:23:43+08:00 ] /gallery/ | INFO: Tag[ view_end ] --START--
[ 2012-06-28T11:23:43+08:00 ] /gallery/ | INFO: Run ShowPageTrace Behavior [ RunTime:0.000918s ]
[ 2012-06-28T11:23:43+08:00 ] /gallery/ | INFO: Tag[ view_end ] --END-- [ RunTime:0.000989s ]
[ 2012-06-28T11:23:44+08:00 ] /favicon.ico | INFO: Tag[ route_check ] --START--
[ 2012-06-28T11:23:44+08:00 ] /favicon.ico | INFO: Run CheckRoute Behavior [ RunTime:0.002245s ]
[ 2012-06-28T11:23:44+08:00 ] /favicon.ico | INFO: Tag[ route_check ] --END-- [ RunTime:0.002439s ]
[ 2012-06-28T11:23:44+08:00 ] /favicon.ico | INFO: Tag[ app_begin ] --START--
[ 2012-06-28T11:23:44+08:00 ] /favicon.ico | INFO: Run ReadHtmlCache Behavior [ RunTime:0.001645s ]
[ 2012-06-28T11:23:44+08:00 ] /favicon.ico | INFO: Tag[ app_begin ] --END-- [ RunTime:0.001736s ]
[ 2012-06-28T11:23:46+08:00 ] /message/ | INFO: Tag[ route_check ] --START--
[ 2012-06-28T11:23:46+08:00 ] /message/ | INFO: Run CheckRoute Behavior [ RunTime:0.002253s ]
[ 2012-06-28T11:23:46+08:00 ] /message/ | INFO: Tag[ route_check ] --END-- [ RunTime:0.002463s ]
[ 2012-06-28T11:23:46+08:00 ] /message/ | INFO: Tag[ app_begin ] --START--
[ 2012-06-28T11:23:46+08:00 ] /message/ | INFO: Run ReadHtmlCache Behavior [ RunTime:0.001711s ]
[ 2012-06-28T11:23:46+08:00 ] /message/ | INFO: Tag[ app_begin ] --END-- [ RunTime:0.001811s ]
[ 2012-06-28T11:23:46+08:00 ] /message/ | SQL: SELECT c.id AS cid, pid, `comment`, c.create_time AS createtime, username,realname, avatar FROM my_comment AS c, my_user AS u 
       		WHERE(article_id='10000' and pid=0 AND c.userid = u.id) order by createtime desc [ RunTime:0.005317s ]
[ 2012-06-28T11:23:46+08:00 ] /message/ | NOTIC: [8] Undefined index: Sada_username MessageAction.class.php 第 34 行.
[ 2012-06-28T11:23:46+08:00 ] /message/ | NOTIC: [8] Undefined index: Sada_username MessageAction.class.php 第 38 行.
[ 2012-06-28T11:23:46+08:00 ] /message/ | SQL: SELECT c.id AS cid, pid, `comment`, c.create_time AS createtime, username,realname, avatar FROM my_comment AS c, my_user AS u
    			WHERE(article_id='10000' and pid='47' AND c.userid = u.id) order by createtime desc [ RunTime:0.004489s ]
[ 2012-06-28T11:23:46+08:00 ] /message/ | NOTIC: [8] Undefined index: Sada_username MessageAction.class.php 第 34 行.
[ 2012-06-28T11:23:46+08:00 ] /message/ | NOTIC: [8] Undefined index: Sada_username MessageAction.class.php 第 38 行.
[ 2012-06-28T11:23:46+08:00 ] /message/ | SQL: SELECT c.id AS cid, pid, `comment`, c.create_time AS createtime, username,realname, avatar FROM my_comment AS c, my_user AS u
    			WHERE(article_id='10000' and pid='41' AND c.userid = u.id) order by createtime desc [ RunTime:0.005380s ]
[ 2012-06-28T11:23:46+08:00 ] /message/ | NOTIC: [8] Undefined index: Sada_username MessageAction.class.php 第 114 行.
[ 2012-06-28T11:23:46+08:00 ] /message/ | NOTIC: [8] Undefined index: Sada_username MessageAction.class.php 第 118 行.
[ 2012-06-28T11:23:46+08:00 ] /message/ | SQL: SELECT c.id AS cid, pid, `comment`, c.create_time AS createtime, username,realname, avatar FROM my_comment AS c, my_user AS u
    			WHERE(article_id='10000' and pid='43' AND c.userid = u.id) order by createtime desc [ RunTime:0.004407s ]
[ 2012-06-28T11:23:46+08:00 ] /message/ | NOTIC: [8] Undefined index: Sada_username MessageAction.class.php 第 114 行.
[ 2012-06-28T11:23:46+08:00 ] /message/ | NOTIC: [8] Undefined index: Sada_username MessageAction.class.php 第 118 行.
[ 2012-06-28T11:23:46+08:00 ] /message/ | SQL: SELECT c.id AS cid, pid, `comment`, c.create_time AS createtime, username,realname, avatar FROM my_comment AS c, my_user AS u
    			WHERE(article_id='10000' and pid='42' AND c.userid = u.id) order by createtime desc [ RunTime:0.005432s ]
[ 2012-06-28T11:23:46+08:00 ] /message/ | NOTIC: [8] Undefined index: Sada_username MessageAction.class.php 第 114 行.
[ 2012-06-28T11:23:46+08:00 ] /message/ | NOTIC: [8] Undefined index: Sada_username MessageAction.class.php 第 118 行.
[ 2012-06-28T11:23:46+08:00 ] /message/ | SQL: SELECT c.id AS cid, pid, `comment`, c.create_time AS createtime, username,realname, avatar FROM my_comment AS c, my_user AS u
    			WHERE(article_id='10000' and pid='44' AND c.userid = u.id) order by createtime desc [ RunTime:0.005196s ]
[ 2012-06-28T11:23:46+08:00 ] /message/ | NOTIC: [8] Undefined index: Sada_username MessageAction.class.php 第 114 行.
[ 2012-06-28T11:23:46+08:00 ] /message/ | NOTIC: [8] Undefined index: Sada_username MessageAction.class.php 第 118 行.
[ 2012-06-28T11:23:46+08:00 ] /message/ | SQL: SELECT c.id AS cid, pid, `comment`, c.create_time AS createtime, username,realname, avatar FROM my_comment AS c, my_user AS u
    			WHERE(article_id='10000' and pid='45' AND c.userid = u.id) order by createtime desc [ RunTime:0.005281s ]
[ 2012-06-28T11:23:46+08:00 ] /message/ | NOTIC: [8] Undefined index: Sada_username MessageAction.class.php 第 114 行.
[ 2012-06-28T11:23:46+08:00 ] /message/ | NOTIC: [8] Undefined index: Sada_username MessageAction.class.php 第 118 行.
[ 2012-06-28T11:23:46+08:00 ] /message/ | SQL: SELECT c.id AS cid, pid, `comment`, c.create_time AS createtime, username,realname, avatar FROM my_comment AS c, my_user AS u
    			WHERE(article_id='10000' and pid='46' AND c.userid = u.id) order by createtime desc [ RunTime:0.005360s ]
[ 2012-06-28T11:23:46+08:00 ] /message/ | INFO: Tag[ view_template ] --START--
[ 2012-06-28T11:23:46+08:00 ] /message/ | INFO: Run LocationTemplate Behavior [ RunTime:0.001014s ]
[ 2012-06-28T11:23:46+08:00 ] /message/ | INFO: Tag[ view_template ] --END-- [ RunTime:0.001091s ]
[ 2012-06-28T11:23:46+08:00 ] /message/ | INFO: Tag[ view_parse ] --START--
[ 2012-06-28T11:23:46+08:00 ] /message/ | INFO: Run ParseTemplate Behavior [ RunTime:0.014016s ]
[ 2012-06-28T11:23:46+08:00 ] /message/ | INFO: Tag[ view_parse ] --END-- [ RunTime:0.014117s ]
[ 2012-06-28T11:23:46+08:00 ] /message/ | INFO: Tag[ view_filter ] --START--
[ 2012-06-28T11:23:46+08:00 ] /message/ | INFO: Run ContentReplace Behavior [ RunTime:0.000890s ]
[ 2012-06-28T11:23:46+08:00 ] /message/ | INFO: Run TokenBuild Behavior [ RunTime:0.000920s ]
[ 2012-06-28T11:23:46+08:00 ] /message/ | INFO: Run WriteHtmlCache Behavior [ RunTime:0.000654s ]
[ 2012-06-28T11:23:46+08:00 ] /message/ | INFO: Run ShowRuntime Behavior [ RunTime:0.000913s ]
[ 2012-06-28T11:23:46+08:00 ] /message/ | INFO: Tag[ view_filter ] --END-- [ RunTime:0.003585s ]
[ 2012-06-28T11:23:46+08:00 ] /message/ | INFO: Tag[ view_end ] --START--
[ 2012-06-28T11:23:46+08:00 ] /message/ | INFO: Run ShowPageTrace Behavior [ RunTime:0.001511s ]
[ 2012-06-28T11:23:46+08:00 ] /message/ | INFO: Tag[ view_end ] --END-- [ RunTime:0.001668s ]
[ 2012-06-28T11:23:47+08:00 ] /favicon.ico | INFO: Tag[ route_check ] --START--
[ 2012-06-28T11:23:47+08:00 ] /favicon.ico | INFO: Run CheckRoute Behavior [ RunTime:0.001373s ]
[ 2012-06-28T11:23:47+08:00 ] /favicon.ico | INFO: Tag[ route_check ] --END-- [ RunTime:0.001498s ]
[ 2012-06-28T11:23:47+08:00 ] /favicon.ico | INFO: Tag[ app_begin ] --START--
[ 2012-06-28T11:23:47+08:00 ] /favicon.ico | INFO: Run ReadHtmlCache Behavior [ RunTime:0.001012s ]
[ 2012-06-28T11:23:47+08:00 ] /favicon.ico | INFO: Tag[ app_begin ] --END-- [ RunTime:0.001085s ]
[ 2012-06-28T11:24:04+08:00 ] / | INFO: Tag[ app_begin ] --START--
[ 2012-06-28T11:24:04+08:00 ] / | INFO: Run ReadHtmlCache Behavior [ RunTime:0.001312s ]
[ 2012-06-28T11:24:04+08:00 ] / | INFO: Tag[ app_begin ] --END-- [ RunTime:0.001454s ]
[ 2012-06-28T11:24:04+08:00 ] / | SQL: SHOW COLUMNS FROM `my_catalog` [ RunTime:0.005838s ]
[ 2012-06-28T11:24:04+08:00 ] / | SQL: SELECT * FROM `my_catalog` WHERE pid='1' ORDER BY sequence  [ RunTime:0.000468s ]
[ 2012-06-28T11:24:04+08:00 ] / | SQL: SHOW COLUMNS FROM `my_article` [ RunTime:0.006395s ]
[ 2012-06-28T11:24:04+08:00 ] / | NOTIC: [8] Undefined index: id HomeAction.class.php 第 12 行.
[ 2012-06-28T11:24:04+08:00 ] / | NOTIC: [8] Undefined variable: data HomeAction.class.php 第 14 行.
[ 2012-06-28T11:24:04+08:00 ] / | SQL: SELECT * FROM `my_article` ORDER BY create_time desc LIMIT 3   [ RunTime:0.000504s ]
[ 2012-06-28T11:24:04+08:00 ] / | INFO: Tag[ view_template ] --START--
[ 2012-06-28T11:24:04+08:00 ] / | INFO: Run LocationTemplate Behavior [ RunTime:0.001039s ]
[ 2012-06-28T11:24:04+08:00 ] / | INFO: Tag[ view_template ] --END-- [ RunTime:0.001138s ]
[ 2012-06-28T11:24:04+08:00 ] / | INFO: Tag[ view_parse ] --START--
[ 2012-06-28T11:24:04+08:00 ] / | INFO: Run ParseTemplate Behavior [ RunTime:0.017530s ]
[ 2012-06-28T11:24:04+08:00 ] / | INFO: Tag[ view_parse ] --END-- [ RunTime:0.017624s ]
[ 2012-06-28T11:24:04+08:00 ] / | INFO: Tag[ view_filter ] --START--
[ 2012-06-28T11:24:04+08:00 ] / | INFO: Run ContentReplace Behavior [ RunTime:0.000882s ]
[ 2012-06-28T11:24:04+08:00 ] / | INFO: Run TokenBuild Behavior [ RunTime:0.000858s ]
[ 2012-06-28T11:24:04+08:00 ] / | INFO: Run WriteHtmlCache Behavior [ RunTime:0.000688s ]
[ 2012-06-28T11:24:04+08:00 ] / | INFO: Run ShowRuntime Behavior [ RunTime:0.000901s ]
[ 2012-06-28T11:24:04+08:00 ] / | INFO: Tag[ view_filter ] --END-- [ RunTime:0.003540s ]
[ 2012-06-28T11:24:04+08:00 ] / | INFO: Tag[ view_end ] --START--
[ 2012-06-28T11:24:04+08:00 ] / | INFO: Run ShowPageTrace Behavior [ RunTime:0.000911s ]
[ 2012-06-28T11:24:04+08:00 ] / | INFO: Tag[ view_end ] --END-- [ RunTime:0.000985s ]
[ 2012-06-28T11:24:05+08:00 ] /favicon.ico | INFO: Tag[ route_check ] --START--
[ 2012-06-28T11:24:05+08:00 ] /favicon.ico | INFO: Run CheckRoute Behavior [ RunTime:0.002202s ]
[ 2012-06-28T11:24:05+08:00 ] /favicon.ico | INFO: Tag[ route_check ] --END-- [ RunTime:0.002396s ]
[ 2012-06-28T11:24:05+08:00 ] /favicon.ico | INFO: Tag[ app_begin ] --START--
[ 2012-06-28T11:24:05+08:00 ] /favicon.ico | INFO: Run ReadHtmlCache Behavior [ RunTime:0.001200s ]
[ 2012-06-28T11:24:05+08:00 ] /favicon.ico | INFO: Tag[ app_begin ] --END-- [ RunTime:0.001292s ]
[ 2012-06-28T11:24:23+08:00 ] /admin/ | INFO: Tag[ route_check ] --START--
[ 2012-06-28T11:24:23+08:00 ] /admin/ | INFO: Run CheckRoute Behavior [ RunTime:0.002473s ]
[ 2012-06-28T11:24:23+08:00 ] /admin/ | INFO: Tag[ route_check ] --END-- [ RunTime:0.002786s ]
[ 2012-06-28T11:24:23+08:00 ] /admin/ | INFO: Tag[ app_begin ] --START--
[ 2012-06-28T11:24:23+08:00 ] /admin/ | INFO: Run ReadHtmlCache Behavior [ RunTime:0.001751s ]
[ 2012-06-28T11:24:23+08:00 ] /admin/ | INFO: Tag[ app_begin ] --END-- [ RunTime:0.001872s ]
[ 2012-06-28T11:24:23+08:00 ] /admin/ | SQL: SHOW COLUMNS FROM `my_catalog` [ RunTime:0.009422s ]
[ 2012-06-28T11:24:23+08:00 ] /admin/ | SQL: SELECT * FROM `my_catalog` WHERE pid='1' ORDER BY sequence  [ RunTime:0.000605s ]
[ 2012-06-28T11:24:23+08:00 ] /admin/ | INFO: Tag[ view_template ] --START--
[ 2012-06-28T11:24:23+08:00 ] /admin/ | INFO: Run LocationTemplate Behavior [ RunTime:0.002481s ]
[ 2012-06-28T11:24:23+08:00 ] /admin/ | INFO: Tag[ view_template ] --END-- [ RunTime:0.002607s ]
[ 2012-06-28T11:24:23+08:00 ] /admin/ | INFO: Tag[ view_parse ] --START--
[ 2012-06-28T11:24:23+08:00 ] /admin/ | NOTIC: [8] Undefined variable: arr_user 848f4ea4b484aba8c291b28d2c23095d.php 第 24 行.
[ 2012-06-28T11:24:23+08:00 ] /admin/ | INFO: Run ParseTemplate Behavior [ RunTime:0.023576s ]
[ 2012-06-28T11:24:23+08:00 ] /admin/ | INFO: Tag[ view_parse ] --END-- [ RunTime:0.023672s ]
[ 2012-06-28T11:24:23+08:00 ] /admin/ | INFO: Tag[ view_filter ] --START--
[ 2012-06-28T11:24:23+08:00 ] /admin/ | INFO: Run ContentReplace Behavior [ RunTime:0.001013s ]
[ 2012-06-28T11:24:23+08:00 ] /admin/ | INFO: Run TokenBuild Behavior [ RunTime:0.001226s ]
[ 2012-06-28T11:24:23+08:00 ] /admin/ | INFO: Run WriteHtmlCache Behavior [ RunTime:0.000762s ]
[ 2012-06-28T11:24:23+08:00 ] /admin/ | INFO: Run ShowRuntime Behavior [ RunTime:0.000947s ]
[ 2012-06-28T11:24:23+08:00 ] /admin/ | INFO: Tag[ view_filter ] --END-- [ RunTime:0.004181s ]
[ 2012-06-28T11:24:23+08:00 ] /admin/ | INFO: Tag[ view_end ] --START--
[ 2012-06-28T11:24:23+08:00 ] /admin/ | INFO: Run ShowPageTrace Behavior [ RunTime:0.000915s ]
[ 2012-06-28T11:24:23+08:00 ] /admin/ | INFO: Tag[ view_end ] --END-- [ RunTime:0.000987s ]
[ 2012-06-28T11:24:25+08:00 ] /favicon.ico | INFO: Tag[ route_check ] --START--
[ 2012-06-28T11:24:25+08:00 ] /favicon.ico | INFO: Run CheckRoute Behavior [ RunTime:0.001819s ]
[ 2012-06-28T11:24:25+08:00 ] /favicon.ico | INFO: Tag[ route_check ] --END-- [ RunTime:0.001958s ]
[ 2012-06-28T11:24:25+08:00 ] /favicon.ico | INFO: Tag[ app_begin ] --START--
[ 2012-06-28T11:24:25+08:00 ] /favicon.ico | INFO: Run ReadHtmlCache Behavior [ RunTime:0.001057s ]
[ 2012-06-28T11:24:25+08:00 ] /favicon.ico | INFO: Tag[ app_begin ] --END-- [ RunTime:0.001130s ]
[ 2012-06-28T11:24:44+08:00 ] /admin/ | INFO: Tag[ route_check ] --START--
[ 2012-06-28T11:24:44+08:00 ] /admin/ | INFO: Run CheckRoute Behavior [ RunTime:0.002389s ]
[ 2012-06-28T11:24:44+08:00 ] /admin/ | INFO: Tag[ route_check ] --END-- [ RunTime:0.002527s ]
[ 2012-06-28T11:24:44+08:00 ] /admin/ | INFO: Tag[ app_begin ] --START--
[ 2012-06-28T11:24:44+08:00 ] /admin/ | INFO: Run ReadHtmlCache Behavior [ RunTime:0.001383s ]
[ 2012-06-28T11:24:44+08:00 ] /admin/ | INFO: Tag[ app_begin ] --END-- [ RunTime:0.001458s ]
[ 2012-06-28T11:24:44+08:00 ] /admin/ | SQL: SHOW COLUMNS FROM `my_catalog` [ RunTime:0.005760s ]
[ 2012-06-28T11:24:44+08:00 ] /admin/ | SQL: SELECT * FROM `my_catalog` WHERE pid='1' ORDER BY sequence  [ RunTime:0.000425s ]
[ 2012-06-28T11:24:44+08:00 ] /admin/ | INFO: Tag[ view_template ] --START--
[ 2012-06-28T11:24:44+08:00 ] /admin/ | INFO: Run LocationTemplate Behavior [ RunTime:0.002158s ]
[ 2012-06-28T11:24:44+08:00 ] /admin/ | INFO: Tag[ view_template ] --END-- [ RunTime:0.002239s ]
[ 2012-06-28T11:24:44+08:00 ] /admin/ | INFO: Tag[ view_parse ] --START--
[ 2012-06-28T11:24:44+08:00 ] /admin/ | NOTIC: [8] Undefined variable: arr_user 848f4ea4b484aba8c291b28d2c23095d.php 第 24 行.
[ 2012-06-28T11:24:44+08:00 ] /admin/ | INFO: Run ParseTemplate Behavior [ RunTime:0.026045s ]
[ 2012-06-28T11:24:44+08:00 ] /admin/ | INFO: Tag[ view_parse ] --END-- [ RunTime:0.026125s ]
[ 2012-06-28T11:24:44+08:00 ] /admin/ | INFO: Tag[ view_filter ] --START--
[ 2012-06-28T11:24:44+08:00 ] /admin/ | INFO: Run ContentReplace Behavior [ RunTime:0.001192s ]
[ 2012-06-28T11:24:44+08:00 ] /admin/ | INFO: Run TokenBuild Behavior [ RunTime:0.001375s ]
[ 2012-06-28T11:24:44+08:00 ] /admin/ | INFO: Run WriteHtmlCache Behavior [ RunTime:0.001140s ]
[ 2012-06-28T11:24:44+08:00 ] /admin/ | INFO: Run ShowRuntime Behavior [ RunTime:0.001184s ]
[ 2012-06-28T11:24:44+08:00 ] /admin/ | INFO: Tag[ view_filter ] --END-- [ RunTime:0.005104s ]
[ 2012-06-28T11:24:44+08:00 ] /admin/ | INFO: Tag[ view_end ] --START--
[ 2012-06-28T11:24:44+08:00 ] /admin/ | INFO: Run ShowPageTrace Behavior [ RunTime:0.001170s ]
[ 2012-06-28T11:24:44+08:00 ] /admin/ | INFO: Tag[ view_end ] --END-- [ RunTime:0.001244s ]
[ 2012-06-28T11:24:46+08:00 ] /favicon.ico | INFO: Tag[ route_check ] --START--
[ 2012-06-28T11:24:46+08:00 ] /favicon.ico | INFO: Run CheckRoute Behavior [ RunTime:0.001481s ]
[ 2012-06-28T11:24:46+08:00 ] /favicon.ico | INFO: Tag[ route_check ] --END-- [ RunTime:0.001614s ]
[ 2012-06-28T11:24:46+08:00 ] /favicon.ico | INFO: Tag[ app_begin ] --START--
[ 2012-06-28T11:24:46+08:00 ] /favicon.ico | INFO: Run ReadHtmlCache Behavior [ RunTime:0.001016s ]
[ 2012-06-28T11:24:46+08:00 ] /favicon.ico | INFO: Tag[ app_begin ] --END-- [ RunTime:0.001089s ]
[ 2012-06-28T11:25:02+08:00 ] /about/ | INFO: Tag[ route_check ] --START--
[ 2012-06-28T11:25:02+08:00 ] /about/ | INFO: Run CheckRoute Behavior [ RunTime:0.002336s ]
[ 2012-06-28T11:25:02+08:00 ] /about/ | INFO: Tag[ route_check ] --END-- [ RunTime:0.002541s ]
[ 2012-06-28T11:25:02+08:00 ] /about/ | INFO: Tag[ app_begin ] --START--
[ 2012-06-28T11:25:02+08:00 ] /about/ | INFO: Run ReadHtmlCache Behavior [ RunTime:0.002188s ]
[ 2012-06-28T11:25:02+08:00 ] /about/ | INFO: Tag[ app_begin ] --END-- [ RunTime:0.002322s ]
[ 2012-06-28T11:25:02+08:00 ] /about/ | INFO: Tag[ view_template ] --START--
[ 2012-06-28T11:25:02+08:00 ] /about/ | INFO: Run LocationTemplate Behavior [ RunTime:0.002277s ]
[ 2012-06-28T11:25:02+08:00 ] /about/ | INFO: Tag[ view_template ] --END-- [ RunTime:0.002413s ]
[ 2012-06-28T11:25:02+08:00 ] /about/ | INFO: Tag[ view_parse ] --START--
[ 2012-06-28T11:25:02+08:00 ] /about/ | INFO: Run ParseTemplate Behavior [ RunTime:0.014650s ]
[ 2012-06-28T11:25:02+08:00 ] /about/ | INFO: Tag[ view_parse ] --END-- [ RunTime:0.014765s ]
[ 2012-06-28T11:25:02+08:00 ] /about/ | INFO: Tag[ view_filter ] --START--
[ 2012-06-28T11:25:02+08:00 ] /about/ | INFO: Run ContentReplace Behavior [ RunTime:0.000837s ]
[ 2012-06-28T11:25:02+08:00 ] /about/ | INFO: Run TokenBuild Behavior [ RunTime:0.000966s ]
[ 2012-06-28T11:25:02+08:00 ] /about/ | INFO: Run WriteHtmlCache Behavior [ RunTime:0.000839s ]
[ 2012-06-28T11:25:02+08:00 ] /about/ | INFO: Run ShowRuntime Behavior [ RunTime:0.000935s ]
[ 2012-06-28T11:25:02+08:00 ] /about/ | INFO: Tag[ view_filter ] --END-- [ RunTime:0.003803s ]
[ 2012-06-28T11:25:02+08:00 ] /about/ | INFO: Tag[ view_end ] --START--
[ 2012-06-28T11:25:02+08:00 ] /about/ | INFO: Run ShowPageTrace Behavior [ RunTime:0.000920s ]
[ 2012-06-28T11:25:02+08:00 ] /about/ | INFO: Tag[ view_end ] --END-- [ RunTime:0.000993s ]
[ 2012-06-28T11:25:03+08:00 ] /favicon.ico | INFO: Tag[ route_check ] --START--
[ 2012-06-28T11:25:03+08:00 ] /favicon.ico | INFO: Run CheckRoute Behavior [ RunTime:0.002194s ]
[ 2012-06-28T11:25:03+08:00 ] /favicon.ico | INFO: Tag[ route_check ] --END-- [ RunTime:0.002388s ]
[ 2012-06-28T11:25:03+08:00 ] /favicon.ico | INFO: Tag[ app_begin ] --START--
[ 2012-06-28T11:25:03+08:00 ] /favicon.ico | INFO: Run ReadHtmlCache Behavior [ RunTime:0.001681s ]
[ 2012-06-28T11:25:03+08:00 ] /favicon.ico | INFO: Tag[ app_begin ] --END-- [ RunTime:0.001800s ]
[ 2012-06-28T11:25:06+08:00 ] /favicon.ico | INFO: Tag[ route_check ] --START--
[ 2012-06-28T11:25:06+08:00 ] /favicon.ico | INFO: Run CheckRoute Behavior [ RunTime:0.001785s ]
[ 2012-06-28T11:25:06+08:00 ] /favicon.ico | INFO: Tag[ route_check ] --END-- [ RunTime:0.001928s ]
[ 2012-06-28T11:25:06+08:00 ] /favicon.ico | INFO: Tag[ app_begin ] --START--
[ 2012-06-28T11:25:06+08:00 ] /favicon.ico | INFO: Run ReadHtmlCache Behavior [ RunTime:0.001347s ]
[ 2012-06-28T11:25:06+08:00 ] /favicon.ico | INFO: Tag[ app_begin ] --END-- [ RunTime:0.001431s ]
[ 2012-06-28T11:26:02+08:00 ] /diary/content.html?id=7 | INFO: Tag[ route_check ] --START--
[ 2012-06-28T11:26:02+08:00 ] /diary/content.html?id=7 | INFO: Run CheckRoute Behavior [ RunTime:0.002084s ]
[ 2012-06-28T11:26:02+08:00 ] /diary/content.html?id=7 | INFO: Tag[ route_check ] --END-- [ RunTime:0.002213s ]
[ 2012-06-28T11:26:02+08:00 ] /diary/content.html?id=7 | INFO: Tag[ app_begin ] --START--
[ 2012-06-28T11:26:02+08:00 ] /diary/content.html?id=7 | INFO: Run ReadHtmlCache Behavior [ RunTime:0.001364s ]
[ 2012-06-28T11:26:02+08:00 ] /diary/content.html?id=7 | INFO: Tag[ app_begin ] --END-- [ RunTime:0.001447s ]
[ 2012-06-28T11:26:02+08:00 ] /diary/content.html?id=7 | SQL: SHOW COLUMNS FROM `my_catalog` [ RunTime:0.006330s ]
[ 2012-06-28T11:26:02+08:00 ] /diary/content.html?id=7 | SQL: SELECT * FROM `my_catalog` WHERE pid='1' ORDER BY sequence  [ RunTime:0.000681s ]
[ 2012-06-28T11:26:02+08:00 ] /diary/content.html?id=7 | SQL: SHOW COLUMNS FROM `my_article` [ RunTime:0.006488s ]
[ 2012-06-28T11:26:02+08:00 ] /diary/content.html?id=7 | SQL: SELECT * FROM `my_article` WHERE id='7' LIMIT 1   [ RunTime:0.000445s ]
[ 2012-06-28T11:26:02+08:00 ] /diary/content.html?id=7 | SQL: SELECT COUNT(id) AS num, `year_month` FROM my_article  GROUP BY `year_month` ORDER BY `year_month` DESC [ RunTime:0.000327s ]
[ 2012-06-28T11:26:02+08:00 ] /diary/content.html?id=7 | INFO: Tag[ view_template ] --START--
[ 2012-06-28T11:26:02+08:00 ] /diary/content.html?id=7 | INFO: Run LocationTemplate Behavior [ RunTime:0.002191s ]
[ 2012-06-28T11:26:02+08:00 ] /diary/content.html?id=7 | INFO: Tag[ view_template ] --END-- [ RunTime:0.002274s ]
[ 2012-06-28T11:26:02+08:00 ] /diary/content.html?id=7 | INFO: Tag[ view_parse ] --START--
[ 2012-06-28T11:26:02+08:00 ] /diary/content.html?id=7 | INFO: Run ParseTemplate Behavior [ RunTime:0.019293s ]
[ 2012-06-28T11:26:02+08:00 ] /diary/content.html?id=7 | INFO: Tag[ view_parse ] --END-- [ RunTime:0.019383s ]
[ 2012-06-28T11:26:02+08:00 ] /diary/content.html?id=7 | INFO: Tag[ view_filter ] --START--
[ 2012-06-28T11:26:02+08:00 ] /diary/content.html?id=7 | INFO: Run ContentReplace Behavior [ RunTime:0.001120s ]
[ 2012-06-28T11:26:02+08:00 ] /diary/content.html?id=7 | INFO: Run TokenBuild Behavior [ RunTime:0.001254s ]
[ 2012-06-28T11:26:02+08:00 ] /diary/content.html?id=7 | INFO: Run WriteHtmlCache Behavior [ RunTime:0.001119s ]
[ 2012-06-28T11:26:02+08:00 ] /diary/content.html?id=7 | INFO: Run ShowRuntime Behavior [ RunTime:0.001192s ]
[ 2012-06-28T11:26:02+08:00 ] /diary/content.html?id=7 | INFO: Tag[ view_filter ] --END-- [ RunTime:0.004920s ]
[ 2012-06-28T11:26:02+08:00 ] /diary/content.html?id=7 | INFO: Tag[ view_end ] --START--
[ 2012-06-28T11:26:02+08:00 ] /diary/content.html?id=7 | INFO: Run ShowPageTrace Behavior [ RunTime:0.001191s ]
[ 2012-06-28T11:26:02+08:00 ] /diary/content.html?id=7 | INFO: Tag[ view_end ] --END-- [ RunTime:0.001263s ]
[ 2012-06-28T11:26:03+08:00 ] /favicon.ico | INFO: Tag[ route_check ] --START--
[ 2012-06-28T11:26:03+08:00 ] /favicon.ico | INFO: Run CheckRoute Behavior [ RunTime:0.002223s ]
[ 2012-06-28T11:26:03+08:00 ] /favicon.ico | INFO: Tag[ route_check ] --END-- [ RunTime:0.002415s ]
[ 2012-06-28T11:26:03+08:00 ] /favicon.ico | INFO: Tag[ app_begin ] --START--
[ 2012-06-28T11:26:03+08:00 ] /favicon.ico | INFO: Run ReadHtmlCache Behavior [ RunTime:0.001640s ]
[ 2012-06-28T11:26:03+08:00 ] /favicon.ico | INFO: Tag[ app_begin ] --END-- [ RunTime:0.001757s ]
[ 2012-06-28T11:26:37+08:00 ] /diary/?id=1 | INFO: Tag[ route_check ] --START--
[ 2012-06-28T11:26:37+08:00 ] /diary/?id=1 | INFO: Run CheckRoute Behavior [ RunTime:0.002473s ]
[ 2012-06-28T11:26:37+08:00 ] /diary/?id=1 | INFO: Tag[ route_check ] --END-- [ RunTime:0.002680s ]
[ 2012-06-28T11:26:37+08:00 ] /diary/?id=1 | INFO: Tag[ app_begin ] --START--
[ 2012-06-28T11:26:37+08:00 ] /diary/?id=1 | INFO: Run ReadHtmlCache Behavior [ RunTime:0.001682s ]
[ 2012-06-28T11:26:37+08:00 ] /diary/?id=1 | INFO: Tag[ app_begin ] --END-- [ RunTime:0.001801s ]
[ 2012-06-28T11:26:37+08:00 ] /diary/?id=1 | SQL: SHOW COLUMNS FROM `my_catalog` [ RunTime:0.005707s ]
[ 2012-06-28T11:26:37+08:00 ] /diary/?id=1 | SQL: SELECT * FROM `my_catalog` WHERE pid='1' ORDER BY sequence  [ RunTime:0.000436s ]
[ 2012-06-28T11:26:37+08:00 ] /diary/?id=1 | SQL: SHOW COLUMNS FROM `my_article` [ RunTime:0.006055s ]
[ 2012-06-28T11:26:37+08:00 ] /diary/?id=1 | NOTIC: [8] Undefined index: archive DiaryAction.class.php 第 18 行.
[ 2012-06-28T11:26:37+08:00 ] /diary/?id=1 | SQL: SELECT * FROM `my_article` WHERE ( `pid` = 1 ) ORDER BY create_time desc LIMIT 3   [ RunTime:0.000536s ]
[ 2012-06-28T11:26:37+08:00 ] /diary/?id=1 | SQL: SELECT COUNT(id) AS num, `year_month` FROM my_article  GROUP BY `year_month` ORDER BY `year_month` DESC [ RunTime:0.000295s ]
[ 2012-06-28T11:26:37+08:00 ] /diary/?id=1 | INFO: Tag[ view_template ] --START--
[ 2012-06-28T11:26:37+08:00 ] /diary/?id=1 | INFO: Run LocationTemplate Behavior [ RunTime:0.001620s ]
[ 2012-06-28T11:26:37+08:00 ] /diary/?id=1 | INFO: Tag[ view_template ] --END-- [ RunTime:0.001874s ]
[ 2012-06-28T11:26:37+08:00 ] /diary/?id=1 | INFO: Tag[ view_parse ] --START--
[ 2012-06-28T11:26:37+08:00 ] /diary/?id=1 | INFO: Run ParseTemplate Behavior [ RunTime:0.019604s ]
[ 2012-06-28T11:26:37+08:00 ] /diary/?id=1 | INFO: Tag[ view_parse ] --END-- [ RunTime:0.019734s ]
[ 2012-06-28T11:26:37+08:00 ] /diary/?id=1 | INFO: Tag[ view_filter ] --START--
[ 2012-06-28T11:26:37+08:00 ] /diary/?id=1 | INFO: Run ContentReplace Behavior [ RunTime:0.000900s ]
[ 2012-06-28T11:26:37+08:00 ] /diary/?id=1 | INFO: Run TokenBuild Behavior [ RunTime:0.000883s ]
[ 2012-06-28T11:26:37+08:00 ] /diary/?id=1 | INFO: Run WriteHtmlCache Behavior [ RunTime:0.000676s ]
[ 2012-06-28T11:26:37+08:00 ] /diary/?id=1 | INFO: Run ShowRuntime Behavior [ RunTime:0.000925s ]
[ 2012-06-28T11:26:37+08:00 ] /diary/?id=1 | INFO: Tag[ view_filter ] --END-- [ RunTime:0.003597s ]
[ 2012-06-28T11:26:37+08:00 ] /diary/?id=1 | INFO: Tag[ view_end ] --START--
[ 2012-06-28T11:26:37+08:00 ] /diary/?id=1 | INFO: Run ShowPageTrace Behavior [ RunTime:0.000917s ]
[ 2012-06-28T11:26:37+08:00 ] /diary/?id=1 | INFO: Tag[ view_end ] --END-- [ RunTime:0.000990s ]
[ 2012-06-28T11:26:39+08:00 ] /favicon.ico | INFO: Tag[ route_check ] --START--
[ 2012-06-28T11:26:39+08:00 ] /favicon.ico | INFO: Run CheckRoute Behavior [ RunTime:0.002219s ]
[ 2012-06-28T11:26:39+08:00 ] /favicon.ico | INFO: Tag[ route_check ] --END-- [ RunTime:0.002413s ]
[ 2012-06-28T11:26:39+08:00 ] /favicon.ico | INFO: Tag[ app_begin ] --START--
[ 2012-06-28T11:26:39+08:00 ] /favicon.ico | INFO: Run ReadHtmlCache Behavior [ RunTime:0.001848s ]
[ 2012-06-28T11:26:39+08:00 ] /favicon.ico | INFO: Tag[ app_begin ] --END-- [ RunTime:0.001972s ]
[ 2012-06-28T11:26:41+08:00 ] /diary/?id=2 | INFO: Tag[ route_check ] --START--
[ 2012-06-28T11:26:41+08:00 ] /diary/?id=2 | INFO: Run CheckRoute Behavior [ RunTime:0.001396s ]
[ 2012-06-28T11:26:41+08:00 ] /diary/?id=2 | INFO: Tag[ route_check ] --END-- [ RunTime:0.001525s ]
[ 2012-06-28T11:26:41+08:00 ] /diary/?id=2 | INFO: Tag[ app_begin ] --START--
[ 2012-06-28T11:26:41+08:00 ] /diary/?id=2 | INFO: Run ReadHtmlCache Behavior [ RunTime:0.001194s ]
[ 2012-06-28T11:26:41+08:00 ] /diary/?id=2 | INFO: Tag[ app_begin ] --END-- [ RunTime:0.001277s ]
[ 2012-06-28T11:26:41+08:00 ] /diary/?id=2 | SQL: SHOW COLUMNS FROM `my_catalog` [ RunTime:0.005796s ]
[ 2012-06-28T11:26:41+08:00 ] /diary/?id=2 | SQL: SELECT * FROM `my_catalog` WHERE pid='1' ORDER BY sequence  [ RunTime:0.000438s ]
[ 2012-06-28T11:26:41+08:00 ] /diary/?id=2 | SQL: SHOW COLUMNS FROM `my_article` [ RunTime:0.005847s ]
[ 2012-06-28T11:26:41+08:00 ] /diary/?id=2 | NOTIC: [8] Undefined index: archive DiaryAction.class.php 第 18 行.
[ 2012-06-28T11:26:41+08:00 ] /diary/?id=2 | SQL: SELECT * FROM `my_article` WHERE ( `pid` = 2 ) ORDER BY create_time desc LIMIT 3   [ RunTime:0.000527s ]
[ 2012-06-28T11:26:41+08:00 ] /diary/?id=2 | SQL: SELECT COUNT(id) AS num, `year_month` FROM my_article  GROUP BY `year_month` ORDER BY `year_month` DESC [ RunTime:0.000294s ]
[ 2012-06-28T11:26:41+08:00 ] /diary/?id=2 | INFO: Tag[ view_template ] --START--
[ 2012-06-28T11:26:41+08:00 ] /diary/?id=2 | INFO: Run LocationTemplate Behavior [ RunTime:0.001054s ]
[ 2012-06-28T11:26:41+08:00 ] /diary/?id=2 | INFO: Tag[ view_template ] --END-- [ RunTime:0.001130s ]
[ 2012-06-28T11:26:41+08:00 ] /diary/?id=2 | INFO: Tag[ view_parse ] --START--
[ 2012-06-28T11:26:41+08:00 ] /diary/?id=2 | INFO: Run ParseTemplate Behavior [ RunTime:0.018190s ]
[ 2012-06-28T11:26:41+08:00 ] /diary/?id=2 | INFO: Tag[ view_parse ] --END-- [ RunTime:0.018284s ]
[ 2012-06-28T11:26:41+08:00 ] /diary/?id=2 | INFO: Tag[ view_filter ] --START--
[ 2012-06-28T11:26:41+08:00 ] /diary/?id=2 | INFO: Run ContentReplace Behavior [ RunTime:0.000907s ]
[ 2012-06-28T11:26:41+08:00 ] /diary/?id=2 | INFO: Run TokenBuild Behavior [ RunTime:0.001776s ]
[ 2012-06-28T11:26:41+08:00 ] /diary/?id=2 | INFO: Run WriteHtmlCache Behavior [ RunTime:0.000833s ]
[ 2012-06-28T11:26:41+08:00 ] /diary/?id=2 | INFO: Run ShowRuntime Behavior [ RunTime:0.000958s ]
[ 2012-06-28T11:26:41+08:00 ] /diary/?id=2 | INFO: Tag[ view_filter ] --END-- [ RunTime:0.004712s ]
[ 2012-06-28T11:26:41+08:00 ] /diary/?id=2 | INFO: Tag[ view_end ] --START--
[ 2012-06-28T11:26:41+08:00 ] /diary/?id=2 | INFO: Run ShowPageTrace Behavior [ RunTime:0.000979s ]
[ 2012-06-28T11:26:41+08:00 ] /diary/?id=2 | INFO: Tag[ view_end ] --END-- [ RunTime:0.001055s ]
[ 2012-06-28T11:26:42+08:00 ] /favicon.ico | INFO: Tag[ route_check ] --START--
[ 2012-06-28T11:26:42+08:00 ] /favicon.ico | INFO: Run CheckRoute Behavior [ RunTime:0.002251s ]
[ 2012-06-28T11:26:42+08:00 ] /favicon.ico | INFO: Tag[ route_check ] --END-- [ RunTime:0.002464s ]
[ 2012-06-28T11:26:42+08:00 ] /favicon.ico | INFO: Tag[ app_begin ] --START--
[ 2012-06-28T11:26:42+08:00 ] /favicon.ico | INFO: Run ReadHtmlCache Behavior [ RunTime:0.001662s ]
[ 2012-06-28T11:26:42+08:00 ] /favicon.ico | INFO: Tag[ app_begin ] --END-- [ RunTime:0.001782s ]
[ 2012-06-28T11:26:45+08:00 ] /diary/?id=2content.html?id=7 | INFO: Tag[ route_check ] --START--
[ 2012-06-28T11:26:45+08:00 ] /diary/?id=2content.html?id=7 | INFO: Run CheckRoute Behavior [ RunTime:0.002467s ]
[ 2012-06-28T11:26:45+08:00 ] /diary/?id=2content.html?id=7 | INFO: Tag[ route_check ] --END-- [ RunTime:0.002692s ]
[ 2012-06-28T11:26:45+08:00 ] /diary/?id=2content.html?id=7 | INFO: Tag[ app_begin ] --START--
[ 2012-06-28T11:26:45+08:00 ] /diary/?id=2content.html?id=7 | INFO: Run ReadHtmlCache Behavior [ RunTime:0.002117s ]
[ 2012-06-28T11:26:45+08:00 ] /diary/?id=2content.html?id=7 | INFO: Tag[ app_begin ] --END-- [ RunTime:0.002247s ]
[ 2012-06-28T11:26:45+08:00 ] /diary/?id=2content.html?id=7 | SQL: SHOW COLUMNS FROM `my_catalog` [ RunTime:0.005716s ]
[ 2012-06-28T11:26:45+08:00 ] /diary/?id=2content.html?id=7 | SQL: SELECT * FROM `my_catalog` WHERE pid='1' ORDER BY sequence  [ RunTime:0.000454s ]
[ 2012-06-28T11:26:45+08:00 ] /diary/?id=2content.html?id=7 | SQL: SHOW COLUMNS FROM `my_article` [ RunTime:0.005919s ]
[ 2012-06-28T11:26:45+08:00 ] /diary/?id=2content.html?id=7 | NOTIC: [8] Undefined index: archive DiaryAction.class.php 第 18 行.
[ 2012-06-28T11:26:45+08:00 ] /diary/?id=2content.html?id=7 | SQL: SELECT * FROM `my_article` WHERE ( `pid` = 2 ) ORDER BY create_time desc LIMIT 3   [ RunTime:0.000615s ]
[ 2012-06-28T11:26:45+08:00 ] /diary/?id=2content.html?id=7 | SQL: SELECT COUNT(id) AS num, `year_month` FROM my_article  GROUP BY `year_month` ORDER BY `year_month` DESC [ RunTime:0.000305s ]
[ 2012-06-28T11:26:45+08:00 ] /diary/?id=2content.html?id=7 | INFO: Tag[ view_template ] --START--
[ 2012-06-28T11:26:45+08:00 ] /diary/?id=2content.html?id=7 | INFO: Run LocationTemplate Behavior [ RunTime:0.001066s ]
[ 2012-06-28T11:26:45+08:00 ] /diary/?id=2content.html?id=7 | INFO: Tag[ view_template ] --END-- [ RunTime:0.001143s ]
[ 2012-06-28T11:26:45+08:00 ] /diary/?id=2content.html?id=7 | INFO: Tag[ view_parse ] --START--
[ 2012-06-28T11:26:45+08:00 ] /diary/?id=2content.html?id=7 | INFO: Run ParseTemplate Behavior [ RunTime:0.018146s ]
[ 2012-06-28T11:26:45+08:00 ] /diary/?id=2content.html?id=7 | INFO: Tag[ view_parse ] --END-- [ RunTime:0.018239s ]
[ 2012-06-28T11:26:45+08:00 ] /diary/?id=2content.html?id=7 | INFO: Tag[ view_filter ] --START--
[ 2012-06-28T11:26:45+08:00 ] /diary/?id=2content.html?id=7 | INFO: Run ContentReplace Behavior [ RunTime:0.000887s ]
[ 2012-06-28T11:26:45+08:00 ] /diary/?id=2content.html?id=7 | INFO: Run TokenBuild Behavior [ RunTime:0.000944s ]
[ 2012-06-28T11:26:45+08:00 ] /diary/?id=2content.html?id=7 | INFO: Run WriteHtmlCache Behavior [ RunTime:0.000740s ]
[ 2012-06-28T11:26:45+08:00 ] /diary/?id=2content.html?id=7 | INFO: Run ShowRuntime Behavior [ RunTime:0.000900s ]
[ 2012-06-28T11:26:45+08:00 ] /diary/?id=2content.html?id=7 | INFO: Tag[ view_filter ] --END-- [ RunTime:0.003690s ]
[ 2012-06-28T11:26:45+08:00 ] /diary/?id=2content.html?id=7 | INFO: Tag[ view_end ] --START--
[ 2012-06-28T11:26:45+08:00 ] /diary/?id=2content.html?id=7 | INFO: Run ShowPageTrace Behavior [ RunTime:0.000904s ]
[ 2012-06-28T11:26:45+08:00 ] /diary/?id=2content.html?id=7 | INFO: Tag[ view_end ] --END-- [ RunTime:0.000977s ]
[ 2012-06-28T11:26:46+08:00 ] /favicon.ico | INFO: Tag[ route_check ] --START--
[ 2012-06-28T11:26:46+08:00 ] /favicon.ico | INFO: Run CheckRoute Behavior [ RunTime:0.002376s ]
[ 2012-06-28T11:26:46+08:00 ] /favicon.ico | INFO: Tag[ route_check ] --END-- [ RunTime:0.002597s ]
[ 2012-06-28T11:26:46+08:00 ] /favicon.ico | INFO: Tag[ app_begin ] --START--
[ 2012-06-28T11:26:46+08:00 ] /favicon.ico | INFO: Run ReadHtmlCache Behavior [ RunTime:0.001733s ]
[ 2012-06-28T11:26:46+08:00 ] /favicon.ico | INFO: Tag[ app_begin ] --END-- [ RunTime:0.001853s ]
[ 2012-06-28T11:26:49+08:00 ] /diary/?id=2content.html?id=7content.html?id=7 | INFO: Tag[ route_check ] --START--
[ 2012-06-28T11:26:49+08:00 ] /diary/?id=2content.html?id=7content.html?id=7 | INFO: Run CheckRoute Behavior [ RunTime:0.001402s ]
[ 2012-06-28T11:26:49+08:00 ] /diary/?id=2content.html?id=7content.html?id=7 | INFO: Tag[ route_check ] --END-- [ RunTime:0.001529s ]
[ 2012-06-28T11:26:49+08:00 ] /diary/?id=2content.html?id=7content.html?id=7 | INFO: Tag[ app_begin ] --START--
[ 2012-06-28T11:26:49+08:00 ] /diary/?id=2content.html?id=7content.html?id=7 | INFO: Run ReadHtmlCache Behavior [ RunTime:0.001027s ]
[ 2012-06-28T11:26:49+08:00 ] /diary/?id=2content.html?id=7content.html?id=7 | INFO: Tag[ app_begin ] --END-- [ RunTime:0.001101s ]
[ 2012-06-28T11:26:49+08:00 ] /diary/?id=2content.html?id=7content.html?id=7 | SQL: SHOW COLUMNS FROM `my_catalog` [ RunTime:0.005764s ]
[ 2012-06-28T11:26:49+08:00 ] /diary/?id=2content.html?id=7content.html?id=7 | SQL: SELECT * FROM `my_catalog` WHERE pid='1' ORDER BY sequence  [ RunTime:0.000436s ]
[ 2012-06-28T11:26:49+08:00 ] /diary/?id=2content.html?id=7content.html?id=7 | SQL: SHOW COLUMNS FROM `my_article` [ RunTime:0.006181s ]
[ 2012-06-28T11:26:49+08:00 ] /diary/?id=2content.html?id=7content.html?id=7 | NOTIC: [8] Undefined index: archive DiaryAction.class.php 第 18 行.
[ 2012-06-28T11:26:49+08:00 ] /diary/?id=2content.html?id=7content.html?id=7 | SQL: SELECT * FROM `my_article` WHERE ( `pid` = 2 ) ORDER BY create_time desc LIMIT 3   [ RunTime:0.000542s ]
[ 2012-06-28T11:26:49+08:00 ] /diary/?id=2content.html?id=7content.html?id=7 | SQL: SELECT COUNT(id) AS num, `year_month` FROM my_article  GROUP BY `year_month` ORDER BY `year_month` DESC [ RunTime:0.000299s ]
[ 2012-06-28T11:26:49+08:00 ] /diary/?id=2content.html?id=7content.html?id=7 | INFO: Tag[ view_template ] --START--
[ 2012-06-28T11:26:49+08:00 ] /diary/?id=2content.html?id=7content.html?id=7 | INFO: Run LocationTemplate Behavior [ RunTime:0.001163s ]
[ 2012-06-28T11:26:49+08:00 ] /diary/?id=2content.html?id=7content.html?id=7 | INFO: Tag[ view_template ] --END-- [ RunTime:0.001248s ]
[ 2012-06-28T11:26:49+08:00 ] /diary/?id=2content.html?id=7content.html?id=7 | INFO: Tag[ view_parse ] --START--
[ 2012-06-28T11:26:49+08:00 ] /diary/?id=2content.html?id=7content.html?id=7 | INFO: Run ParseTemplate Behavior [ RunTime:0.018435s ]
[ 2012-06-28T11:26:49+08:00 ] /diary/?id=2content.html?id=7content.html?id=7 | INFO: Tag[ view_parse ] --END-- [ RunTime:0.018531s ]
[ 2012-06-28T11:26:49+08:00 ] /diary/?id=2content.html?id=7content.html?id=7 | INFO: Tag[ view_filter ] --START--
[ 2012-06-28T11:26:49+08:00 ] /diary/?id=2content.html?id=7content.html?id=7 | INFO: Run ContentReplace Behavior [ RunTime:0.000883s ]
[ 2012-06-28T11:26:49+08:00 ] /diary/?id=2content.html?id=7content.html?id=7 | INFO: Run TokenBuild Behavior [ RunTime:0.000856s ]
[ 2012-06-28T11:26:49+08:00 ] /diary/?id=2content.html?id=7content.html?id=7 | INFO: Run WriteHtmlCache Behavior [ RunTime:0.000651s ]
[ 2012-06-28T11:26:49+08:00 ] /diary/?id=2content.html?id=7content.html?id=7 | INFO: Run ShowRuntime Behavior [ RunTime:0.000902s ]
[ 2012-06-28T11:26:49+08:00 ] /diary/?id=2content.html?id=7content.html?id=7 | INFO: Tag[ view_filter ] --END-- [ RunTime:0.003503s ]
[ 2012-06-28T11:26:49+08:00 ] /diary/?id=2content.html?id=7content.html?id=7 | INFO: Tag[ view_end ] --START--
[ 2012-06-28T11:26:49+08:00 ] /diary/?id=2content.html?id=7content.html?id=7 | INFO: Run ShowPageTrace Behavior [ RunTime:0.000895s ]
[ 2012-06-28T11:26:49+08:00 ] /diary/?id=2content.html?id=7content.html?id=7 | INFO: Tag[ view_end ] --END-- [ RunTime:0.000969s ]
[ 2012-06-28T11:26:50+08:00 ] /favicon.ico | INFO: Tag[ route_check ] --START--
[ 2012-06-28T11:26:50+08:00 ] /favicon.ico | INFO: Run CheckRoute Behavior [ RunTime:0.002214s ]
[ 2012-06-28T11:26:50+08:00 ] /favicon.ico | INFO: Tag[ route_check ] --END-- [ RunTime:0.002410s ]
[ 2012-06-28T11:26:50+08:00 ] /favicon.ico | INFO: Tag[ app_begin ] --START--
[ 2012-06-28T11:26:50+08:00 ] /favicon.ico | INFO: Run ReadHtmlCache Behavior [ RunTime:0.001641s ]
[ 2012-06-28T11:26:50+08:00 ] /favicon.ico | INFO: Tag[ app_begin ] --END-- [ RunTime:0.001758s ]
[ 2012-06-28T11:27:04+08:00 ] /about/ | INFO: Tag[ route_check ] --START--
[ 2012-06-28T11:27:04+08:00 ] /about/ | INFO: Run CheckRoute Behavior [ RunTime:0.001785s ]
[ 2012-06-28T11:27:04+08:00 ] /about/ | INFO: Tag[ route_check ] --END-- [ RunTime:0.001926s ]
[ 2012-06-28T11:27:04+08:00 ] /about/ | INFO: Tag[ app_begin ] --START--
[ 2012-06-28T11:27:04+08:00 ] /about/ | INFO: Run ReadHtmlCache Behavior [ RunTime:0.001095s ]
[ 2012-06-28T11:27:04+08:00 ] /about/ | INFO: Tag[ app_begin ] --END-- [ RunTime:0.001169s ]
[ 2012-06-28T11:27:04+08:00 ] /about/ | INFO: Tag[ view_template ] --START--
[ 2012-06-28T11:27:04+08:00 ] /about/ | INFO: Run LocationTemplate Behavior [ RunTime:0.001415s ]
[ 2012-06-28T11:27:04+08:00 ] /about/ | INFO: Tag[ view_template ] --END-- [ RunTime:0.001503s ]
[ 2012-06-28T11:27:04+08:00 ] /about/ | INFO: Tag[ view_parse ] --START--
[ 2012-06-28T11:27:04+08:00 ] /about/ | INFO: Run ParseTemplate Behavior [ RunTime:0.012368s ]
[ 2012-06-28T11:27:04+08:00 ] /about/ | INFO: Tag[ view_parse ] --END-- [ RunTime:0.012470s ]
[ 2012-06-28T11:27:04+08:00 ] /about/ | INFO: Tag[ view_filter ] --START--
[ 2012-06-28T11:27:04+08:00 ] /about/ | INFO: Run ContentReplace Behavior [ RunTime:0.000853s ]
[ 2012-06-28T11:27:04+08:00 ] /about/ | INFO: Run TokenBuild Behavior [ RunTime:0.000837s ]
[ 2012-06-28T11:27:04+08:00 ] /about/ | INFO: Run WriteHtmlCache Behavior [ RunTime:0.000666s ]
[ 2012-06-28T11:27:04+08:00 ] /about/ | INFO: Run ShowRuntime Behavior [ RunTime:0.000910s ]
[ 2012-06-28T11:27:04+08:00 ] /about/ | INFO: Tag[ view_filter ] --END-- [ RunTime:0.003483s ]
[ 2012-06-28T11:27:04+08:00 ] /about/ | INFO: Tag[ view_end ] --START--
[ 2012-06-28T11:27:04+08:00 ] /about/ | INFO: Run ShowPageTrace Behavior [ RunTime:0.001070s ]
[ 2012-06-28T11:27:04+08:00 ] /about/ | INFO: Tag[ view_end ] --END-- [ RunTime:0.001151s ]
[ 2012-06-28T11:27:05+08:00 ] /favicon.ico | INFO: Tag[ route_check ] --START--
[ 2012-06-28T11:27:05+08:00 ] /favicon.ico | INFO: Run CheckRoute Behavior [ RunTime:0.002221s ]
[ 2012-06-28T11:27:05+08:00 ] /favicon.ico | INFO: Tag[ route_check ] --END-- [ RunTime:0.002414s ]
[ 2012-06-28T11:27:05+08:00 ] /favicon.ico | INFO: Tag[ app_begin ] --START--
[ 2012-06-28T11:27:05+08:00 ] /favicon.ico | INFO: Run ReadHtmlCache Behavior [ RunTime:0.001664s ]
[ 2012-06-28T11:27:05+08:00 ] /favicon.ico | INFO: Tag[ app_begin ] --END-- [ RunTime:0.001801s ]
[ 2012-06-28T11:27:07+08:00 ] /message/ | INFO: Tag[ route_check ] --START--
[ 2012-06-28T11:27:07+08:00 ] /message/ | INFO: Run CheckRoute Behavior [ RunTime:0.002239s ]
[ 2012-06-28T11:27:07+08:00 ] /message/ | INFO: Tag[ route_check ] --END-- [ RunTime:0.002434s ]
[ 2012-06-28T11:27:07+08:00 ] /message/ | INFO: Tag[ app_begin ] --START--
[ 2012-06-28T11:27:07+08:00 ] /message/ | INFO: Run ReadHtmlCache Behavior [ RunTime:0.001671s ]
[ 2012-06-28T11:27:07+08:00 ] /message/ | INFO: Tag[ app_begin ] --END-- [ RunTime:0.001793s ]
[ 2012-06-28T11:27:07+08:00 ] /message/ | SQL: SELECT c.id AS cid, pid, `comment`, c.create_time AS createtime, username,realname, avatar FROM my_comment AS c, my_user AS u 
       		WHERE(article_id='10000' and pid=0 AND c.userid = u.id) order by createtime desc [ RunTime:0.005398s ]
[ 2012-06-28T11:27:07+08:00 ] /message/ | NOTIC: [8] Undefined index: Sada_username MessageAction.class.php 第 34 行.
[ 2012-06-28T11:27:07+08:00 ] /message/ | NOTIC: [8] Undefined index: Sada_username MessageAction.class.php 第 38 行.
[ 2012-06-28T11:27:07+08:00 ] /message/ | SQL: SELECT c.id AS cid, pid, `comment`, c.create_time AS createtime, username,realname, avatar FROM my_comment AS c, my_user AS u
    			WHERE(article_id='10000' and pid='47' AND c.userid = u.id) order by createtime desc [ RunTime:0.004446s ]
[ 2012-06-28T11:27:07+08:00 ] /message/ | NOTIC: [8] Undefined index: Sada_username MessageAction.class.php 第 34 行.
[ 2012-06-28T11:27:07+08:00 ] /message/ | NOTIC: [8] Undefined index: Sada_username MessageAction.class.php 第 38 行.
[ 2012-06-28T11:27:07+08:00 ] /message/ | SQL: SELECT c.id AS cid, pid, `comment`, c.create_time AS createtime, username,realname, avatar FROM my_comment AS c, my_user AS u
    			WHERE(article_id='10000' and pid='41' AND c.userid = u.id) order by createtime desc [ RunTime:0.005015s ]
[ 2012-06-28T11:27:07+08:00 ] /message/ | NOTIC: [8] Undefined index: Sada_username MessageAction.class.php 第 114 行.
[ 2012-06-28T11:27:07+08:00 ] /message/ | NOTIC: [8] Undefined index: Sada_username MessageAction.class.php 第 118 行.
[ 2012-06-28T11:27:07+08:00 ] /message/ | SQL: SELECT c.id AS cid, pid, `comment`, c.create_time AS createtime, username,realname, avatar FROM my_comment AS c, my_user AS u
    			WHERE(article_id='10000' and pid='43' AND c.userid = u.id) order by createtime desc [ RunTime:0.004924s ]
[ 2012-06-28T11:27:07+08:00 ] /message/ | NOTIC: [8] Undefined index: Sada_username MessageAction.class.php 第 114 行.
[ 2012-06-28T11:27:07+08:00 ] /message/ | NOTIC: [8] Undefined index: Sada_username MessageAction.class.php 第 118 行.
[ 2012-06-28T11:27:07+08:00 ] /message/ | SQL: SELECT c.id AS cid, pid, `comment`, c.create_time AS createtime, username,realname, avatar FROM my_comment AS c, my_user AS u
    			WHERE(article_id='10000' and pid='42' AND c.userid = u.id) order by createtime desc [ RunTime:0.005222s ]
[ 2012-06-28T11:27:07+08:00 ] /message/ | NOTIC: [8] Undefined index: Sada_username MessageAction.class.php 第 114 行.
[ 2012-06-28T11:27:07+08:00 ] /message/ | NOTIC: [8] Undefined index: Sada_username MessageAction.class.php 第 118 行.
[ 2012-06-28T11:27:07+08:00 ] /message/ | SQL: SELECT c.id AS cid, pid, `comment`, c.create_time AS createtime, username,realname, avatar FROM my_comment AS c, my_user AS u
    			WHERE(article_id='10000' and pid='44' AND c.userid = u.id) order by createtime desc [ RunTime:0.005004s ]
[ 2012-06-28T11:27:07+08:00 ] /message/ | NOTIC: [8] Undefined index: Sada_username MessageAction.class.php 第 114 行.
[ 2012-06-28T11:27:07+08:00 ] /message/ | NOTIC: [8] Undefined index: Sada_username MessageAction.class.php 第 118 行.
[ 2012-06-28T11:27:07+08:00 ] /message/ | SQL: SELECT c.id AS cid, pid, `comment`, c.create_time AS createtime, username,realname, avatar FROM my_comment AS c, my_user AS u
    			WHERE(article_id='10000' and pid='45' AND c.userid = u.id) order by createtime desc [ RunTime:0.005705s ]
[ 2012-06-28T11:27:07+08:00 ] /message/ | NOTIC: [8] Undefined index: Sada_username MessageAction.class.php 第 114 行.
[ 2012-06-28T11:27:07+08:00 ] /message/ | NOTIC: [8] Undefined index: Sada_username MessageAction.class.php 第 118 行.
[ 2012-06-28T11:27:07+08:00 ] /message/ | SQL: SELECT c.id AS cid, pid, `comment`, c.create_time AS createtime, username,realname, avatar FROM my_comment AS c, my_user AS u
    			WHERE(article_id='10000' and pid='46' AND c.userid = u.id) order by createtime desc [ RunTime:0.004429s ]
[ 2012-06-28T11:27:07+08:00 ] /message/ | INFO: Tag[ view_template ] --START--
[ 2012-06-28T11:27:07+08:00 ] /message/ | INFO: Run LocationTemplate Behavior [ RunTime:0.001558s ]
[ 2012-06-28T11:27:07+08:00 ] /message/ | INFO: Tag[ view_template ] --END-- [ RunTime:0.001637s ]
[ 2012-06-28T11:27:07+08:00 ] /message/ | INFO: Tag[ view_parse ] --START--
[ 2012-06-28T11:27:07+08:00 ] /message/ | INFO: Run ParseTemplate Behavior [ RunTime:0.013444s ]
[ 2012-06-28T11:27:07+08:00 ] /message/ | INFO: Tag[ view_parse ] --END-- [ RunTime:0.013544s ]
[ 2012-06-28T11:27:07+08:00 ] /message/ | INFO: Tag[ view_filter ] --START--
[ 2012-06-28T11:27:07+08:00 ] /message/ | INFO: Run ContentReplace Behavior [ RunTime:0.000889s ]
[ 2012-06-28T11:27:07+08:00 ] /message/ | INFO: Run TokenBuild Behavior [ RunTime:0.000929s ]
[ 2012-06-28T11:27:07+08:00 ] /message/ | INFO: Run WriteHtmlCache Behavior [ RunTime:0.000688s ]
[ 2012-06-28T11:27:07+08:00 ] /message/ | INFO: Run ShowRuntime Behavior [ RunTime:0.000973s ]
[ 2012-06-28T11:27:07+08:00 ] /message/ | INFO: Tag[ view_filter ] --END-- [ RunTime:0.003692s ]
[ 2012-06-28T11:27:07+08:00 ] /message/ | INFO: Tag[ view_end ] --START--
[ 2012-06-28T11:27:07+08:00 ] /message/ | INFO: Run ShowPageTrace Behavior [ RunTime:0.002387s ]
[ 2012-06-28T11:27:07+08:00 ] /message/ | INFO: Tag[ view_end ] --END-- [ RunTime:0.002491s ]
[ 2012-06-28T11:27:08+08:00 ] /favicon.ico | INFO: Tag[ route_check ] --START--
[ 2012-06-28T11:27:08+08:00 ] /favicon.ico | INFO: Run CheckRoute Behavior [ RunTime:0.001394s ]
[ 2012-06-28T11:27:08+08:00 ] /favicon.ico | INFO: Tag[ route_check ] --END-- [ RunTime:0.001518s ]
[ 2012-06-28T11:27:08+08:00 ] /favicon.ico | INFO: Tag[ app_begin ] --START--
[ 2012-06-28T11:27:08+08:00 ] /favicon.ico | INFO: Run ReadHtmlCache Behavior [ RunTime:0.001027s ]
[ 2012-06-28T11:27:08+08:00 ] /favicon.ico | INFO: Tag[ app_begin ] --END-- [ RunTime:0.001101s ]
[ 2012-06-28T11:27:17+08:00 ] /user/register.html | INFO: Tag[ route_check ] --START--
[ 2012-06-28T11:27:17+08:00 ] /user/register.html | INFO: Run CheckRoute Behavior [ RunTime:0.001416s ]
[ 2012-06-28T11:27:17+08:00 ] /user/register.html | INFO: Tag[ route_check ] --END-- [ RunTime:0.001544s ]
[ 2012-06-28T11:27:17+08:00 ] /user/register.html | INFO: Tag[ app_begin ] --START--
[ 2012-06-28T11:27:17+08:00 ] /user/register.html | INFO: Run ReadHtmlCache Behavior [ RunTime:0.001063s ]
[ 2012-06-28T11:27:17+08:00 ] /user/register.html | INFO: Tag[ app_begin ] --END-- [ RunTime:0.001137s ]
[ 2012-06-28T11:27:17+08:00 ] /user/register.html | INFO: Tag[ view_template ] --START--
[ 2012-06-28T11:27:17+08:00 ] /user/register.html | INFO: Run LocationTemplate Behavior [ RunTime:0.001482s ]
[ 2012-06-28T11:27:17+08:00 ] /user/register.html | INFO: Tag[ view_template ] --END-- [ RunTime:0.001583s ]
[ 2012-06-28T11:27:17+08:00 ] /user/register.html | INFO: Tag[ view_parse ] --START--
[ 2012-06-28T11:27:17+08:00 ] /user/register.html | INFO: Run ParseTemplate Behavior [ RunTime:0.014815s ]
[ 2012-06-28T11:27:17+08:00 ] /user/register.html | INFO: Tag[ view_parse ] --END-- [ RunTime:0.014917s ]
[ 2012-06-28T11:27:17+08:00 ] /user/register.html | INFO: Tag[ view_filter ] --START--
[ 2012-06-28T11:27:17+08:00 ] /user/register.html | INFO: Run ContentReplace Behavior [ RunTime:0.000884s ]
[ 2012-06-28T11:27:17+08:00 ] /user/register.html | INFO: Run TokenBuild Behavior [ RunTime:0.000933s ]
[ 2012-06-28T11:27:17+08:00 ] /user/register.html | INFO: Run WriteHtmlCache Behavior [ RunTime:0.000735s ]
[ 2012-06-28T11:27:17+08:00 ] /user/register.html | INFO: Run ShowRuntime Behavior [ RunTime:0.001039s ]
[ 2012-06-28T11:27:17+08:00 ] /user/register.html | INFO: Tag[ view_filter ] --END-- [ RunTime:0.003818s ]
[ 2012-06-28T11:27:17+08:00 ] /user/register.html | INFO: Tag[ view_end ] --START--
[ 2012-06-28T11:27:17+08:00 ] /user/register.html | INFO: Run ShowPageTrace Behavior [ RunTime:0.000923s ]
[ 2012-06-28T11:27:17+08:00 ] /user/register.html | INFO: Tag[ view_end ] --END-- [ RunTime:0.000996s ]
[ 2012-06-28T11:27:18+08:00 ] /favicon.ico | INFO: Tag[ route_check ] --START--
[ 2012-06-28T11:27:18+08:00 ] /favicon.ico | INFO: Run CheckRoute Behavior [ RunTime:0.002195s ]
[ 2012-06-28T11:27:18+08:00 ] /favicon.ico | INFO: Tag[ route_check ] --END-- [ RunTime:0.002386s ]
[ 2012-06-28T11:27:18+08:00 ] /favicon.ico | INFO: Tag[ app_begin ] --START--
[ 2012-06-28T11:27:18+08:00 ] /favicon.ico | INFO: Run ReadHtmlCache Behavior [ RunTime:0.001651s ]
[ 2012-06-28T11:27:18+08:00 ] /favicon.ico | INFO: Tag[ app_begin ] --END-- [ RunTime:0.001771s ]
[ 2012-06-28T11:28:48+08:00 ] /gallery/ | INFO: Tag[ route_check ] --START--
[ 2012-06-28T11:28:48+08:00 ] /gallery/ | INFO: Run CheckRoute Behavior [ RunTime:0.003503s ]
[ 2012-06-28T11:28:48+08:00 ] /gallery/ | INFO: Tag[ route_check ] --END-- [ RunTime:0.003711s ]
[ 2012-06-28T11:28:48+08:00 ] /gallery/ | INFO: Tag[ app_begin ] --START--
[ 2012-06-28T11:28:48+08:00 ] /gallery/ | INFO: Run ReadHtmlCache Behavior [ RunTime:0.002427s ]
[ 2012-06-28T11:28:48+08:00 ] /gallery/ | INFO: Tag[ app_begin ] --END-- [ RunTime:0.002562s ]
[ 2012-06-28T11:28:48+08:00 ] /gallery/ | INFO: Tag[ view_template ] --START--
[ 2012-06-28T11:28:48+08:00 ] /gallery/ | INFO: Run LocationTemplate Behavior [ RunTime:0.001949s ]
[ 2012-06-28T11:28:48+08:00 ] /gallery/ | INFO: Tag[ view_template ] --END-- [ RunTime:0.002040s ]
[ 2012-06-28T11:28:48+08:00 ] /gallery/ | INFO: Tag[ view_parse ] --START--
[ 2012-06-28T11:28:48+08:00 ] /gallery/ | INFO: Run ParseTemplate Behavior [ RunTime:0.014877s ]
[ 2012-06-28T11:28:48+08:00 ] /gallery/ | INFO: Tag[ view_parse ] --END-- [ RunTime:0.014976s ]
[ 2012-06-28T11:28:48+08:00 ] /gallery/ | INFO: Tag[ view_filter ] --START--
[ 2012-06-28T11:28:48+08:00 ] /gallery/ | INFO: Run ContentReplace Behavior [ RunTime:0.001133s ]
[ 2012-06-28T11:28:48+08:00 ] /gallery/ | INFO: Run TokenBuild Behavior [ RunTime:0.001263s ]
[ 2012-06-28T11:28:48+08:00 ] /gallery/ | INFO: Run WriteHtmlCache Behavior [ RunTime:0.000975s ]
[ 2012-06-28T11:28:48+08:00 ] /gallery/ | INFO: Run ShowRuntime Behavior [ RunTime:0.001170s ]
[ 2012-06-28T11:28:48+08:00 ] /gallery/ | INFO: Tag[ view_filter ] --END-- [ RunTime:0.004774s ]
[ 2012-06-28T11:28:48+08:00 ] /gallery/ | INFO: Tag[ view_end ] --START--
[ 2012-06-28T11:28:48+08:00 ] /gallery/ | INFO: Run ShowPageTrace Behavior [ RunTime:0.001189s ]
[ 2012-06-28T11:28:48+08:00 ] /gallery/ | INFO: Tag[ view_end ] --END-- [ RunTime:0.001263s ]
[ 2012-06-28T11:28:49+08:00 ] /favicon.ico | INFO: Tag[ route_check ] --START--
[ 2012-06-28T11:28:49+08:00 ] /favicon.ico | INFO: Run CheckRoute Behavior [ RunTime:0.002229s ]
[ 2012-06-28T11:28:49+08:00 ] /favicon.ico | INFO: Tag[ route_check ] --END-- [ RunTime:0.002422s ]
[ 2012-06-28T11:28:49+08:00 ] /favicon.ico | INFO: Tag[ app_begin ] --START--
[ 2012-06-28T11:28:49+08:00 ] /favicon.ico | INFO: Run ReadHtmlCache Behavior [ RunTime:0.001654s ]
[ 2012-06-28T11:28:49+08:00 ] /favicon.ico | INFO: Tag[ app_begin ] --END-- [ RunTime:0.001774s ]
[ 2012-06-28T11:29:00+08:00 ] / | INFO: Tag[ app_begin ] --START--
[ 2012-06-28T11:29:00+08:00 ] / | INFO: Run ReadHtmlCache Behavior [ RunTime:0.001153s ]
[ 2012-06-28T11:29:00+08:00 ] / | INFO: Tag[ app_begin ] --END-- [ RunTime:0.001318s ]
[ 2012-06-28T11:29:00+08:00 ] / | SQL: SHOW COLUMNS FROM `my_catalog` [ RunTime:0.006037s ]
[ 2012-06-28T11:29:00+08:00 ] / | SQL: SELECT * FROM `my_catalog` WHERE pid='1' ORDER BY sequence  [ RunTime:0.000460s ]
[ 2012-06-28T11:29:00+08:00 ] / | SQL: SHOW COLUMNS FROM `my_article` [ RunTime:0.006252s ]
[ 2012-06-28T11:29:00+08:00 ] / | NOTIC: [8] Undefined index: id HomeAction.class.php 第 12 行.
[ 2012-06-28T11:29:00+08:00 ] / | NOTIC: [8] Undefined variable: data HomeAction.class.php 第 14 行.
[ 2012-06-28T11:29:00+08:00 ] / | SQL: SELECT * FROM `my_article` ORDER BY create_time desc LIMIT 3   [ RunTime:0.000509s ]
[ 2012-06-28T11:29:00+08:00 ] / | INFO: Tag[ view_template ] --START--
[ 2012-06-28T11:29:00+08:00 ] / | INFO: Run LocationTemplate Behavior [ RunTime:0.001586s ]
[ 2012-06-28T11:29:00+08:00 ] / | INFO: Tag[ view_template ] --END-- [ RunTime:0.001669s ]
[ 2012-06-28T11:29:00+08:00 ] / | INFO: Tag[ view_parse ] --START--
[ 2012-06-28T11:29:00+08:00 ] / | INFO: Run ParseTemplate Behavior [ RunTime:0.017506s ]
[ 2012-06-28T11:29:00+08:00 ] / | INFO: Tag[ view_parse ] --END-- [ RunTime:0.017595s ]
[ 2012-06-28T11:29:00+08:00 ] / | INFO: Tag[ view_filter ] --START--
[ 2012-06-28T11:29:00+08:00 ] / | INFO: Run ContentReplace Behavior [ RunTime:0.000861s ]
[ 2012-06-28T11:29:00+08:00 ] / | INFO: Run TokenBuild Behavior [ RunTime:0.000908s ]
[ 2012-06-28T11:29:00+08:00 ] / | INFO: Run WriteHtmlCache Behavior [ RunTime:0.000683s ]
[ 2012-06-28T11:29:00+08:00 ] / | INFO: Run ShowRuntime Behavior [ RunTime:0.000994s ]
[ 2012-06-28T11:29:00+08:00 ] / | INFO: Tag[ view_filter ] --END-- [ RunTime:0.003670s ]
[ 2012-06-28T11:29:00+08:00 ] / | INFO: Tag[ view_end ] --START--
[ 2012-06-28T11:29:00+08:00 ] / | INFO: Run ShowPageTrace Behavior [ RunTime:0.001265s ]
[ 2012-06-28T11:29:00+08:00 ] / | INFO: Tag[ view_end ] --END-- [ RunTime:0.001354s ]
[ 2012-06-28T11:29:01+08:00 ] /favicon.ico | INFO: Tag[ route_check ] --START--
[ 2012-06-28T11:29:01+08:00 ] /favicon.ico | INFO: Run CheckRoute Behavior [ RunTime:0.002705s ]
[ 2012-06-28T11:29:01+08:00 ] /favicon.ico | INFO: Tag[ route_check ] --END-- [ RunTime:0.002915s ]
[ 2012-06-28T11:29:01+08:00 ] /favicon.ico | INFO: Tag[ app_begin ] --START--
[ 2012-06-28T11:29:01+08:00 ] /favicon.ico | INFO: Run ReadHtmlCache Behavior [ RunTime:0.001693s ]
[ 2012-06-28T11:29:01+08:00 ] /favicon.ico | INFO: Tag[ app_begin ] --END-- [ RunTime:0.001812s ]
[ 2012-06-28T11:29:07+08:00 ] /diary/ | INFO: Tag[ route_check ] --START--
[ 2012-06-28T11:29:07+08:00 ] /diary/ | INFO: Run CheckRoute Behavior [ RunTime:0.001390s ]
[ 2012-06-28T11:29:07+08:00 ] /diary/ | INFO: Tag[ route_check ] --END-- [ RunTime:0.001516s ]
[ 2012-06-28T11:29:07+08:00 ] /diary/ | INFO: Tag[ app_begin ] --START--
[ 2012-06-28T11:29:07+08:00 ] /diary/ | INFO: Run ReadHtmlCache Behavior [ RunTime:0.001019s ]
[ 2012-06-28T11:29:07+08:00 ] /diary/ | INFO: Tag[ app_begin ] --END-- [ RunTime:0.001094s ]
[ 2012-06-28T11:29:07+08:00 ] /diary/ | SQL: SHOW COLUMNS FROM `my_catalog` [ RunTime:0.005522s ]
[ 2012-06-28T11:29:07+08:00 ] /diary/ | SQL: SELECT * FROM `my_catalog` WHERE pid='1' ORDER BY sequence  [ RunTime:0.000422s ]
[ 2012-06-28T11:29:07+08:00 ] /diary/ | SQL: SHOW COLUMNS FROM `my_article` [ RunTime:0.006302s ]
[ 2012-06-28T11:29:07+08:00 ] /diary/ | NOTIC: [8] Undefined index: id DiaryAction.class.php 第 17 行.
[ 2012-06-28T11:29:07+08:00 ] /diary/ | NOTIC: [8] Undefined index: archive DiaryAction.class.php 第 18 行.
[ 2012-06-28T11:29:07+08:00 ] /diary/ | SQL: SELECT * FROM `my_article` ORDER BY create_time desc LIMIT 3   [ RunTime:0.000504s ]
[ 2012-06-28T11:29:07+08:00 ] /diary/ | SQL: SELECT COUNT(id) AS num, `year_month` FROM my_article  GROUP BY `year_month` ORDER BY `year_month` DESC [ RunTime:0.000310s ]
[ 2012-06-28T11:29:07+08:00 ] /diary/ | INFO: Tag[ view_template ] --START--
[ 2012-06-28T11:29:07+08:00 ] /diary/ | INFO: Run LocationTemplate Behavior [ RunTime:0.001740s ]
[ 2012-06-28T11:29:07+08:00 ] /diary/ | INFO: Tag[ view_template ] --END-- [ RunTime:0.001824s ]
[ 2012-06-28T11:29:07+08:00 ] /diary/ | INFO: Tag[ view_parse ] --START--
[ 2012-06-28T11:29:07+08:00 ] /diary/ | INFO: Run ParseTemplate Behavior [ RunTime:0.018060s ]
[ 2012-06-28T11:29:07+08:00 ] /diary/ | INFO: Tag[ view_parse ] --END-- [ RunTime:0.018152s ]
[ 2012-06-28T11:29:07+08:00 ] /diary/ | INFO: Tag[ view_filter ] --START--
[ 2012-06-28T11:29:07+08:00 ] /diary/ | INFO: Run ContentReplace Behavior [ RunTime:0.000869s ]
[ 2012-06-28T11:29:07+08:00 ] /diary/ | INFO: Run TokenBuild Behavior [ RunTime:0.000835s ]
[ 2012-06-28T11:29:07+08:00 ] /diary/ | INFO: Run WriteHtmlCache Behavior [ RunTime:0.000678s ]
[ 2012-06-28T11:29:07+08:00 ] /diary/ | INFO: Run ShowRuntime Behavior [ RunTime:0.000899s ]
[ 2012-06-28T11:29:07+08:00 ] /diary/ | INFO: Tag[ view_filter ] --END-- [ RunTime:0.003488s ]
[ 2012-06-28T11:29:07+08:00 ] /diary/ | INFO: Tag[ view_end ] --START--
[ 2012-06-28T11:29:07+08:00 ] /diary/ | INFO: Run ShowPageTrace Behavior [ RunTime:0.000892s ]
[ 2012-06-28T11:29:07+08:00 ] /diary/ | INFO: Tag[ view_end ] --END-- [ RunTime:0.000965s ]
[ 2012-06-28T11:29:08+08:00 ] /favicon.ico | INFO: Tag[ route_check ] --START--
[ 2012-06-28T11:29:08+08:00 ] /favicon.ico | INFO: Run CheckRoute Behavior [ RunTime:0.002232s ]
[ 2012-06-28T11:29:08+08:00 ] /favicon.ico | INFO: Tag[ route_check ] --END-- [ RunTime:0.002424s ]
[ 2012-06-28T11:29:08+08:00 ] /favicon.ico | INFO: Tag[ app_begin ] --START--
[ 2012-06-28T11:29:08+08:00 ] /favicon.ico | INFO: Run ReadHtmlCache Behavior [ RunTime:0.001632s ]
[ 2012-06-28T11:29:08+08:00 ] /favicon.ico | INFO: Tag[ app_begin ] --END-- [ RunTime:0.001749s ]
[ 2012-06-28T11:29:10+08:00 ] /message/ | INFO: Tag[ route_check ] --START--
[ 2012-06-28T11:29:10+08:00 ] /message/ | INFO: Run CheckRoute Behavior [ RunTime:0.001379s ]
[ 2012-06-28T11:29:10+08:00 ] /message/ | INFO: Tag[ route_check ] --END-- [ RunTime:0.001506s ]
[ 2012-06-28T11:29:10+08:00 ] /message/ | INFO: Tag[ app_begin ] --START--
[ 2012-06-28T11:29:10+08:00 ] /message/ | INFO: Run ReadHtmlCache Behavior [ RunTime:0.001145s ]
[ 2012-06-28T11:29:10+08:00 ] /message/ | INFO: Tag[ app_begin ] --END-- [ RunTime:0.001224s ]
[ 2012-06-28T11:29:10+08:00 ] /message/ | SQL: SELECT c.id AS cid, pid, `comment`, c.create_time AS createtime, username,realname, avatar FROM my_comment AS c, my_user AS u 
       		WHERE(article_id='10000' and pid=0 AND c.userid = u.id) order by createtime desc [ RunTime:0.005138s ]
[ 2012-06-28T11:29:10+08:00 ] /message/ | NOTIC: [8] Undefined index: Sada_username MessageAction.class.php 第 34 行.
[ 2012-06-28T11:29:10+08:00 ] /message/ | NOTIC: [8] Undefined index: Sada_username MessageAction.class.php 第 38 行.
[ 2012-06-28T11:29:10+08:00 ] /message/ | SQL: SELECT c.id AS cid, pid, `comment`, c.create_time AS createtime, username,realname, avatar FROM my_comment AS c, my_user AS u
    			WHERE(article_id='10000' and pid='47' AND c.userid = u.id) order by createtime desc [ RunTime:0.004509s ]
[ 2012-06-28T11:29:10+08:00 ] /message/ | NOTIC: [8] Undefined index: Sada_username MessageAction.class.php 第 34 行.
[ 2012-06-28T11:29:10+08:00 ] /message/ | NOTIC: [8] Undefined index: Sada_username MessageAction.class.php 第 38 行.
[ 2012-06-28T11:29:10+08:00 ] /message/ | SQL: SELECT c.id AS cid, pid, `comment`, c.create_time AS createtime, username,realname, avatar FROM my_comment AS c, my_user AS u
    			WHERE(article_id='10000' and pid='41' AND c.userid = u.id) order by createtime desc [ RunTime:0.005087s ]
[ 2012-06-28T11:29:10+08:00 ] /message/ | NOTIC: [8] Undefined index: Sada_username MessageAction.class.php 第 114 行.
[ 2012-06-28T11:29:10+08:00 ] /message/ | NOTIC: [8] Undefined index: Sada_username MessageAction.class.php 第 118 行.
[ 2012-06-28T11:29:10+08:00 ] /message/ | SQL: SELECT c.id AS cid, pid, `comment`, c.create_time AS createtime, username,realname, avatar FROM my_comment AS c, my_user AS u
    			WHERE(article_id='10000' and pid='43' AND c.userid = u.id) order by createtime desc [ RunTime:0.004442s ]
[ 2012-06-28T11:29:10+08:00 ] /message/ | NOTIC: [8] Undefined index: Sada_username MessageAction.class.php 第 114 行.
[ 2012-06-28T11:29:10+08:00 ] /message/ | NOTIC: [8] Undefined index: Sada_username MessageAction.class.php 第 118 行.
[ 2012-06-28T11:29:10+08:00 ] /message/ | SQL: SELECT c.id AS cid, pid, `comment`, c.create_time AS createtime, username,realname, avatar FROM my_comment AS c, my_user AS u
    			WHERE(article_id='10000' and pid='42' AND c.userid = u.id) order by createtime desc [ RunTime:0.005578s ]
[ 2012-06-28T11:29:10+08:00 ] /message/ | NOTIC: [8] Undefined index: Sada_username MessageAction.class.php 第 114 行.
[ 2012-06-28T11:29:10+08:00 ] /message/ | NOTIC: [8] Undefined index: Sada_username MessageAction.class.php 第 118 行.
[ 2012-06-28T11:29:10+08:00 ] /message/ | SQL: SELECT c.id AS cid, pid, `comment`, c.create_time AS createtime, username,realname, avatar FROM my_comment AS c, my_user AS u
    			WHERE(article_id='10000' and pid='44' AND c.userid = u.id) order by createtime desc [ RunTime:0.005198s ]
[ 2012-06-28T11:29:10+08:00 ] /message/ | NOTIC: [8] Undefined index: Sada_username MessageAction.class.php 第 114 行.
[ 2012-06-28T11:29:10+08:00 ] /message/ | NOTIC: [8] Undefined index: Sada_username MessageAction.class.php 第 118 行.
[ 2012-06-28T11:29:10+08:00 ] /message/ | SQL: SELECT c.id AS cid, pid, `comment`, c.create_time AS createtime, username,realname, avatar FROM my_comment AS c, my_user AS u
    			WHERE(article_id='10000' and pid='45' AND c.userid = u.id) order by createtime desc [ RunTime:0.005018s ]
[ 2012-06-28T11:29:10+08:00 ] /message/ | NOTIC: [8] Undefined index: Sada_username MessageAction.class.php 第 114 行.
[ 2012-06-28T11:29:10+08:00 ] /message/ | NOTIC: [8] Undefined index: Sada_username MessageAction.class.php 第 118 行.
[ 2012-06-28T11:29:10+08:00 ] /message/ | SQL: SELECT c.id AS cid, pid, `comment`, c.create_time AS createtime, username,realname, avatar FROM my_comment AS c, my_user AS u
    			WHERE(article_id='10000' and pid='46' AND c.userid = u.id) order by createtime desc [ RunTime:0.004827s ]
[ 2012-06-28T11:29:10+08:00 ] /message/ | INFO: Tag[ view_template ] --START--
[ 2012-06-28T11:29:10+08:00 ] /message/ | INFO: Run LocationTemplate Behavior [ RunTime:0.001589s ]
[ 2012-06-28T11:29:10+08:00 ] /message/ | INFO: Tag[ view_template ] --END-- [ RunTime:0.001674s ]
[ 2012-06-28T11:29:10+08:00 ] /message/ | INFO: Tag[ view_parse ] --START--
[ 2012-06-28T11:29:10+08:00 ] /message/ | INFO: Run ParseTemplate Behavior [ RunTime:0.013322s ]
[ 2012-06-28T11:29:10+08:00 ] /message/ | INFO: Tag[ view_parse ] --END-- [ RunTime:0.013422s ]
[ 2012-06-28T11:29:10+08:00 ] /message/ | INFO: Tag[ view_filter ] --START--
[ 2012-06-28T11:29:10+08:00 ] /message/ | INFO: Run ContentReplace Behavior [ RunTime:0.001255s ]
[ 2012-06-28T11:29:10+08:00 ] /message/ | INFO: Run TokenBuild Behavior [ RunTime:0.000967s ]
[ 2012-06-28T11:29:10+08:00 ] /message/ | INFO: Run WriteHtmlCache Behavior [ RunTime:0.000655s ]
[ 2012-06-28T11:29:10+08:00 ] /message/ | INFO: Run ShowRuntime Behavior [ RunTime:0.001080s ]
[ 2012-06-28T11:29:10+08:00 ] /message/ | INFO: Tag[ view_filter ] --END-- [ RunTime:0.004179s ]
[ 2012-06-28T11:29:10+08:00 ] /message/ | INFO: Tag[ view_end ] --START--
[ 2012-06-28T11:29:10+08:00 ] /message/ | INFO: Run ShowPageTrace Behavior [ RunTime:0.001688s ]
[ 2012-06-28T11:29:10+08:00 ] /message/ | INFO: Tag[ view_end ] --END-- [ RunTime:0.001801s ]
[ 2012-06-28T11:29:12+08:00 ] /favicon.ico | INFO: Tag[ route_check ] --START--
[ 2012-06-28T11:29:12+08:00 ] /favicon.ico | INFO: Run CheckRoute Behavior [ RunTime:0.002211s ]
[ 2012-06-28T11:29:12+08:00 ] /favicon.ico | INFO: Tag[ route_check ] --END-- [ RunTime:0.002404s ]
[ 2012-06-28T11:29:12+08:00 ] /favicon.ico | INFO: Tag[ app_begin ] --START--
[ 2012-06-28T11:29:12+08:00 ] /favicon.ico | INFO: Run ReadHtmlCache Behavior [ RunTime:0.001648s ]
[ 2012-06-28T11:29:12+08:00 ] /favicon.ico | INFO: Tag[ app_begin ] --END-- [ RunTime:0.001816s ]
